{"numTotalTestSuites":89,"numPassedTestSuites":89,"numFailedTestSuites":0,"numPendingTestSuites":0,"numTotalTests":229,"numPassedTests":229,"numFailedTests":0,"numPendingTests":0,"numTodoTests":0,"snapshot":{"added":0,"failure":false,"filesAdded":0,"filesRemoved":0,"filesRemovedList":[],"filesUnmatched":0,"filesUpdated":0,"matched":0,"total":0,"unchecked":0,"uncheckedKeysByFile":[],"unmatched":0,"updated":0,"didUpdate":false},"startTime":1783186376530,"success":true,"testResults":[{"assertionResults":[{"ancestorTitles":["volume analysis"],"fullName":"volume analysis [analysis.wordcount] counts words for Latin scripts, characters for CJK, one per URL/number, punctuation excluded","status":"passed","title":"[analysis.wordcount] counts words for Latin scripts, characters for CJK, one per URL/number, punctuation excluded","duration":3.690213999999969,"failureMessages":[],"meta":{},"tags":[]},{"ancestorTitles":["volume analysis"],"fullName":"volume analysis [analysis.wordcount] aggregates per file and per project","status":"passed","title":"[analysis.wordcount] aggregates per file and per project","duration":1.1116700000000037,"failureMessages":[],"meta":{},"tags":[]},{"ancestorTitles":["volume analysis"],"fullName":"volume analysis [analysis.repetitions] second and later identical sources land in the repetition bucket","status":"passed","title":"[analysis.repetitions] second and later identical sources land in the repetition bucket","duration":0.7336649999999736,"failureMessages":[],"meta":{},"tags":[]},{"ancestorTitles":["volume analysis"],"fullName":"volume analysis [analysis.internal-fuzzy] 75–99% similar segments land in the internal bucket with similarity","status":"passed","title":"[analysis.internal-fuzzy] 75–99% similar segments land in the internal bucket with similarity","duration":0.6695199999999204,"failureMessages":[],"meta":{},"tags":[]},{"ancestorTitles":["volume analysis"],"fullName":"volume analysis [analysis.payable] applies the frozen default rate table with per-band breakdown and discount","status":"passed","title":"[analysis.payable] applies the frozen default rate table with per-band breakdown and discount","duration":0.5953980000000456,"failureMessages":[],"meta":{},"tags":[]},{"ancestorTitles":["volume analysis"],"fullName":"volume analysis [analysis.payable] custom billing model overrides rates per project","status":"passed","title":"[analysis.payable] custom billing model overrides rates per project","duration":0.30372399999998834,"failureMessages":[],"meta":{},"tags":[]}],"startTime":1783186380313,"endTime":1783186380320.3037,"status":"passed","message":"","name":"/home/user/codex-web-prototype/parity/acceptance/analysis.test.ts"},{"assertionResults":[{"ancestorTitles":["batch API contract"],"fullName":"batch API contract [batch.contract] rejects missing/malformed credentials with 401 and stable error codes","status":"passed","title":"[batch.contract] rejects missing/malformed credentials with 401 and stable error codes","duration":2.311080000000061,"failureMessages":[],"meta":{},"tags":[]},{"ancestorTitles":["batch API contract"],"fullName":"batch API contract [batch.contract] validates the request schema with field-naming messages","status":"passed","title":"[batch.contract] validates the request schema with field-naming messages","duration":1.2559210000000576,"failureMessages":[],"meta":{},"tags":[]},{"ancestorTitles":["batch API contract"],"fullName":"batch API contract [batch.contract] returns 202 with batchId/batchToken/URLs and transitions to succeeded","status":"passed","title":"[batch.contract] returns 202 with batchId/batchToken/URLs and transitions to succeeded","duration":1.4751200000000608,"failureMessages":[],"meta":{},"tags":[]},{"ancestorTitles":["batch API contract"],"fullName":"batch API contract [batch.contract] capability token reads work without the account key; wrong ids 404","status":"passed","title":"[batch.contract] capability token reads work without the account key; wrong ids 404","duration":0.7484819999999672,"failureMessages":[],"meta":{},"tags":[]},{"ancestorTitles":["batch API contract"],"fullName":"batch API contract [batch.contract] per-segment failures surface as failed results and partially_failed status","status":"passed","title":"[batch.contract] per-segment failures surface as failed results and partially_failed status","duration":0.8212769999998955,"failureMessages":[],"meta":{},"tags":[]},{"ancestorTitles":["batch API contract"],"fullName":"batch API contract [batch.contract] cancel is idempotent and cancelling a finished batch is a no-op","status":"passed","title":"[batch.contract] cancel is idempotent and cancelling a finished batch is a no-op","duration":0.5797299999999268,"failureMessages":[],"meta":{},"tags":[]},{"ancestorTitles":["batch API contract"],"fullName":"batch API contract [batch.idempotency] same key + same body replays the original response; different body conflicts","status":"passed","title":"[batch.idempotency] same key + same body replays the original response; different body conflicts","duration":0.3414339999999356,"failureMessages":[],"meta":{},"tags":[]},{"ancestorTitles":["batch API contract"],"fullName":"batch API contract [batch.pagination] cursor pages are stable, ordered, capped at 500, readable while running","status":"passed","title":"[batch.pagination] cursor pages are stable, ordered, capped at 500, readable while running","duration":1.4893170000000282,"failureMessages":[],"meta":{},"tags":[]},{"ancestorTitles":["batch API contract"],"fullName":"batch API contract [batch.fewshot] pipeline retrieves ≤maxExamplesPerSegment examples per segment and reports examplesUsed","status":"passed","title":"[batch.fewshot] pipeline retrieves ≤maxExamplesPerSegment examples per segment and reports examplesUsed","duration":1.6198630000000094,"failureMessages":[],"meta":{},"tags":[]}],"startTime":1783186379659,"endTime":1783186379670.6199,"status":"passed","message":"","name":"/home/user/codex-web-prototype/parity/acceptance/batch-contract.test.ts"},{"assertionResults":[{"ancestorTitles":["batch throughput"],"fullName":"batch throughput [batch.throughput] 10k segments flow create→process→results within the 5-minute pipeline budget","status":"passed","title":"[batch.throughput] 10k segments flow create→process→results within the 5-minute pipeline budget","duration":39.32565999999997,"failureMessages":[],"meta":{},"tags":[]}],"startTime":1783186378176,"endTime":1783186378215.3257,"status":"passed","message":"","name":"/home/user/codex-web-prototype/parity/acceptance/batch-throughput.test.ts"},{"assertionResults":[{"ancestorTitles":["HTML"],"fullName":"HTML [fmt.html.roundtrip] extracts block text, skips script/style, exports with markup skeleton preserved","status":"passed","title":"[fmt.html.roundtrip] extracts block text, skips script/style, exports with markup skeleton preserved","duration":19.254348999999934,"failureMessages":[],"meta":{},"tags":[]},{"ancestorTitles":["JSON"],"fullName":"JSON [fmt.json.roundtrip] leaf strings translate by JSON path; structure, key order and non-strings untouched","status":"passed","title":"[fmt.json.roundtrip] leaf strings translate by JSON path; structure, key order and non-strings untouched","duration":1.3442649999999503,"failureMessages":[],"meta":{},"tags":[]},{"ancestorTitles":["properties"],"fullName":"properties [fmt.properties.roundtrip] keys, comments and escapes survive; values translate","status":"passed","title":"[fmt.properties.roundtrip] keys, comments and escapes survive; values translate","duration":1.362435000000005,"failureMessages":[],"meta":{},"tags":[]},{"ancestorTitles":["SBV"],"fullName":"SBV [fmt.srt.sbv] parses YouTube SBV cues with timecodes into timed segments","status":"passed","title":"[fmt.srt.sbv] parses YouTube SBV cues with timecodes into timed segments","duration":0.9088440000000446,"failureMessages":[],"meta":{},"tags":[]},{"ancestorTitles":["PPTX"],"fullName":"PPTX [fmt.pptx.roundtrip] translated export rebuilds the original deck skeleton (independent structural diff)","status":"passed","title":"[fmt.pptx.roundtrip] translated export rebuilds the original deck skeleton (independent structural diff)","duration":61.12079300000005,"failureMessages":[],"meta":{},"tags":[]}],"startTime":1783186377392,"endTime":1783186377477.1208,"status":"passed","message":"","name":"/home/user/codex-web-prototype/parity/acceptance/formats-p1.test.ts"},{"assertionResults":[{"ancestorTitles":["gettext PO"],"fullName":"gettext PO [fmt.po.roundtrip] msgid/msgstr pairs import with comments, plurals and context preserved on export","status":"passed","title":"[fmt.po.roundtrip] msgid/msgstr pairs import with comments, plurals and context preserved on export","duration":5.4763280000000805,"failureMessages":[],"meta":{},"tags":[]}],"startTime":1783186381032,"endTime":1783186381037.4763,"status":"passed","message":"","name":"/home/user/codex-web-prototype/parity/acceptance/formats-po.test.ts"},{"assertionResults":[{"ancestorTitles":["text-family round-trip"],"fullName":"text-family round-trip [fmt.txt.roundtrip] plain text keeps paragraph structure and falls back to source","status":"passed","title":"[fmt.txt.roundtrip] plain text keeps paragraph structure and falls back to source","duration":3.0383809999999585,"failureMessages":[],"meta":{},"tags":[]},{"ancestorTitles":["text-family round-trip"],"fullName":"text-family round-trip [fmt.csv.roundtrip] bilingual CSV survives quotes, commas and embedded newlines","status":"passed","title":"[fmt.csv.roundtrip] bilingual CSV survives quotes, commas and embedded newlines","duration":1.6443969999999126,"failureMessages":[],"meta":{},"tags":[]},{"ancestorTitles":["text-family round-trip"],"fullName":"text-family round-trip [fmt.tsv.roundtrip] bilingual TSV survives round-trip with identical values","status":"passed","title":"[fmt.tsv.roundtrip] bilingual TSV survives round-trip with identical values","duration":0.9189810000000307,"failureMessages":[],"meta":{},"tags":[]},{"ancestorTitles":["text-family round-trip"],"fullName":"text-family round-trip [fmt.srt.roundtrip] SRT preserves cue count, order and millisecond timecodes","status":"passed","title":"[fmt.srt.roundtrip] SRT preserves cue count, order and millisecond timecodes","duration":2.063282999999956,"failureMessages":[],"meta":{},"tags":[]},{"ancestorTitles":["text-family round-trip"],"fullName":"text-family round-trip [fmt.vtt.roundtrip] VTT preserves header, timecodes and voice tags","status":"passed","title":"[fmt.vtt.roundtrip] VTT preserves header, timecodes and voice tags","duration":1.7213389999999436,"failureMessages":[],"meta":{},"tags":[]},{"ancestorTitles":["text-family round-trip"],"fullName":"text-family round-trip [fmt.md.roundtrip] markdown reconstructs headings, lists and blockquotes","status":"passed","title":"[fmt.md.roundtrip] markdown reconstructs headings, lists and blockquotes","duration":1.5286129999999503,"failureMessages":[],"meta":{},"tags":[]}],"startTime":1783186379596,"endTime":1783186379606.5286,"status":"passed","message":"","name":"/home/user/codex-web-prototype/parity/acceptance/formats-text.test.ts"},{"assertionResults":[{"ancestorTitles":["TMX"],"fullName":"TMX [fmt.tmx.import] parses tu/tuv pairs with CDATA, entities, inline tags and header srclang","status":"passed","title":"[fmt.tmx.import] parses tu/tuv pairs with CDATA, entities, inline tags and header srclang","duration":10.89026899999999,"failureMessages":[],"meta":{},"tags":[]},{"ancestorTitles":["TMX"],"fullName":"TMX [fmt.tmx.export] with-tags and without-tags variants both validate against the TMX 1.4 DTD","status":"passed","title":"[fmt.tmx.export] with-tags and without-tags variants both validate against the TMX 1.4 DTD","duration":25.147928999999976,"failureMessages":[],"meta":{},"tags":[]},{"ancestorTitles":["DOCX round-trip"],"fullName":"DOCX round-trip [fmt.docx.roundtrip] translated export rebuilds the original zip skeleton (independent structural diff)","status":"passed","title":"[fmt.docx.roundtrip] translated export rebuilds the original zip skeleton (independent structural diff)","duration":66.440607,"failureMessages":[],"meta":{},"tags":[]},{"ancestorTitles":["DOCX round-trip"],"fullName":"DOCX round-trip [fmt.docx.roundtrip] untranslated cells leave paragraphs unchanged (draft keeps source)","status":"passed","title":"[fmt.docx.roundtrip] untranslated cells leave paragraphs unchanged (draft keeps source)","duration":50.79049599999985,"failureMessages":[],"meta":{},"tags":[]},{"ancestorTitles":["Download Original"],"fullName":"Download Original [fmt.export.original] the side-car base64 of the uploaded bytes decodes byte-identical","status":"passed","title":"[fmt.export.original] the side-car base64 of the uploaded bytes decodes byte-identical","duration":6.737697999999909,"failureMessages":[],"meta":{},"tags":[]},{"ancestorTitles":["Download Original"],"fullName":"Download Original [fmt.export.original] documents the 512KB side-car cap (larger files have no byte-identical path yet)","status":"passed","title":"[fmt.export.original] documents the 512KB side-car cap (larger files have no byte-identical path yet)","duration":0.25778700000000754,"failureMessages":[],"meta":{},"tags":[]}],"startTime":1783186377970,"endTime":1783186378130.7378,"status":"passed","message":"","name":"/home/user/codex-web-prototype/parity/acceptance/formats-tmx-docx.test.ts"},{"assertionResults":[{"ancestorTitles":["XLIFF 1.2"],"fullName":"XLIFF 1.2 [fmt.xliff12.import] parses trans-units with states, notes and preserved inline-tag skeleton","status":"passed","title":"[fmt.xliff12.import] parses trans-units with states, notes and preserved inline-tag skeleton","duration":10.797314000000028,"failureMessages":[],"meta":{},"tags":[]},{"ancestorTitles":["XLIFF 1.2"],"fullName":"XLIFF 1.2 [fmt.xliff12.export] exported file validates against the official OASIS 1.2 schema","status":"passed","title":"[fmt.xliff12.export] exported file validates against the official OASIS 1.2 schema","duration":25.507820000000038,"failureMessages":[],"meta":{},"tags":[]},{"ancestorTitles":["XLIFF 1.2"],"fullName":"XLIFF 1.2 [fmt.xliff12.roundtrip] import→export→import preserves ids, order, source text and tag skeleton","status":"passed","title":"[fmt.xliff12.roundtrip] import→export→import preserves ids, order, source text and tag skeleton","duration":3.7701359999999795,"failureMessages":[],"meta":{},"tags":[]},{"ancestorTitles":["XLIFF 1.2"],"fullName":"XLIFF 1.2 [fmt.xliff.states] segment status maps deterministically to target/@state in both dialects","status":"passed","title":"[fmt.xliff.states] segment status maps deterministically to target/@state in both dialects","duration":0.45535499999994045,"failureMessages":[],"meta":{},"tags":[]},{"ancestorTitles":["XLIFF 1.2"],"fullName":"XLIFF 1.2 [fmt.xliff.states] exported state attributes reflect cell statuses end-to-end","status":"passed","title":"[fmt.xliff.states] exported state attributes reflect cell statuses end-to-end","duration":2.6323619999999437,"failureMessages":[],"meta":{},"tags":[]},{"ancestorTitles":["XLIFF 2.0"],"fullName":"XLIFF 2.0 [fmt.xliff20.import] parses per-segment with states, skips ignorables, preserves pc/ph skeleton","status":"passed","title":"[fmt.xliff20.import] parses per-segment with states, skips ignorables, preserves pc/ph skeleton","duration":1.8006550000000061,"failureMessages":[],"meta":{},"tags":[]},{"ancestorTitles":["XLIFF 2.0"],"fullName":"XLIFF 2.0 [fmt.xliff20.export] exported file validates against the official OASIS 2.0 schema","status":"passed","title":"[fmt.xliff20.export] exported file validates against the official OASIS 2.0 schema","duration":23.9909889999999,"failureMessages":[],"meta":{},"tags":[]},{"ancestorTitles":["XLIFF 2.0"],"fullName":"XLIFF 2.0 [fmt.xliff20.roundtrip] import→export→import preserves unit/segment granularity and tags","status":"passed","title":"[fmt.xliff20.roundtrip] import→export→import preserves unit/segment granularity and tags","duration":2.902938000000063,"failureMessages":[],"meta":{},"tags":[]}],"startTime":1783186377370,"endTime":1783186377445.9028,"status":"passed","message":"","name":"/home/user/codex-web-prototype/parity/acceptance/formats-xliff.test.ts"},{"assertionResults":[{"ancestorTitles":["segment QA"],"fullName":"segment QA [qa.tags] flags missing source tags in target as blocking","status":"passed","title":"[qa.tags] flags missing source tags in target as blocking","duration":2.1885260000000244,"failureMessages":[],"meta":{},"tags":[]},{"ancestorTitles":["segment QA"],"fullName":"segment QA [qa.tags] flags unclosed paired tag in target as blocking (file-breaking)","status":"passed","title":"[qa.tags] flags unclosed paired tag in target as blocking (file-breaking)","duration":0.46042799999997897,"failureMessages":[],"meta":{},"tags":[]},{"ancestorTitles":["segment QA"],"fullName":"segment QA [qa.tags] flags extra target tags as error and order changes as warning only","status":"passed","title":"[qa.tags] flags extra target tags as error and order changes as warning only","duration":1.3867350000000442,"failureMessages":[],"meta":{},"tags":[]},{"ancestorTitles":["segment QA"],"fullName":"segment QA [qa.tags] placeholder syntaxes ({0}, {{var}}, %s, %1$s) are checked like tags","status":"passed","title":"[qa.tags] placeholder syntaxes ({0}, {{var}}, %s, %1$s) are checked like tags","duration":0.6488500000000386,"failureMessages":[],"meta":{},"tags":[]},{"ancestorTitles":["segment QA"],"fullName":"segment QA [qa.tags] clean translations produce no issues; empty targets are skipped","status":"passed","title":"[qa.tags] clean translations produce no issues; empty targets are skipped","duration":0.46374600000001465,"failureMessages":[],"meta":{},"tags":[]},{"ancestorTitles":["segment QA"],"fullName":"segment QA [qa.whitespace] flags newline/tab count and leading/trailing whitespace mismatches (non-blocking)","status":"passed","title":"[qa.whitespace] flags newline/tab count and leading/trailing whitespace mismatches (non-blocking)","duration":0.6098200000000134,"failureMessages":[],"meta":{},"tags":[]},{"ancestorTitles":["segment QA"],"fullName":"segment QA [qa.symbols] flags count mismatches of $ # @ £ % = *","status":"passed","title":"[qa.symbols] flags count mismatches of $ # @ £ % = *","duration":0.6731320000000096,"failureMessages":[],"meta":{},"tags":[]},{"ancestorTitles":["segment QA"],"fullName":"segment QA [qa.numbers] flags source numbers missing from target, tolerant of 1,000/1000/1.000 formats","status":"passed","title":"[qa.numbers] flags source numbers missing from target, tolerant of 1,000/1000/1.000 formats","duration":0.9345480000000634,"failureMessages":[],"meta":{},"tags":[]},{"ancestorTitles":["segment QA"],"fullName":"segment QA [qa.conflicts] detects identical sources with differing targets project-wide","status":"passed","title":"[qa.conflicts] detects identical sources with differing targets project-wide","duration":1.3463900000000422,"failureMessages":[],"meta":{},"tags":[]},{"ancestorTitles":["segment QA"],"fullName":"segment QA [qa.tags] runSegmentQa aggregates all checks for a segment","status":"passed","title":"[qa.tags] runSegmentQa aggregates all checks for a segment","duration":0.4779720000000225,"failureMessages":[],"meta":{},"tags":[]}],"startTime":1783186380277,"endTime":1783186380286.478,"status":"passed","message":"","name":"/home/user/codex-web-prototype/parity/acceptance/qa.test.ts"},{"assertionResults":[{"ancestorTitles":["TM governance — enterprise exclusion (F6)"],"fullName":"TM governance — enterprise exclusion (F6) [tm.enterprise.exclusion] property-based: 500 randomized queries never surface an enterprise-origin entry","status":"passed","title":"[tm.enterprise.exclusion] property-based: 500 randomized queries never surface an enterprise-origin entry","duration":39.237661,"failureMessages":[],"meta":{},"tags":[]},{"ancestorTitles":["TM governance — enterprise exclusion (F6)"],"fullName":"TM governance — enterprise exclusion (F6) [tm.enterprise.exclusion] red-team: exact, near-match, substring and cross-language canary probes all come back empty","status":"passed","title":"[tm.enterprise.exclusion] red-team: exact, near-match, substring and cross-language canary probes all come back empty","duration":1.1641459999999597,"failureMessages":[],"meta":{},"tags":[]},{"ancestorTitles":["TM governance — opt-out (C8)"],"fullName":"TM governance — opt-out (C8) [tm.optout.write-gate] contribute() refuses writes when the effective flag is false; default is TRUE; paid gating applies","status":"passed","title":"[tm.optout.write-gate] contribute() refuses writes when the effective flag is false; default is TRUE; paid gating applies","duration":0.9239910000000009,"failureMessages":[],"meta":{},"tags":[]},{"ancestorTitles":["TM governance — opt-out (C8)"],"fullName":"TM governance — opt-out (C8) [tm.optout.leak-test] canaries of an opted-out project are unreachable even when rows exist in the store","status":"passed","title":"[tm.optout.leak-test] canaries of an opted-out project are unreachable even when rows exist in the store","duration":0.6594119999999748,"failureMessages":[],"meta":{},"tags":[]},{"ancestorTitles":["TM governance — batch integration"],"fullName":"TM governance — batch integration [batch.fewshot] the batch pipeline wired to the real index never receives enterprise or opted-out examples","status":"passed","title":"[batch.fewshot] the batch pipeline wired to the real index never receives enterprise or opted-out examples","duration":1.8090989999999465,"failureMessages":[],"meta":{},"tags":[]}],"startTime":1783186378795,"endTime":1783186378839.809,"status":"passed","message":"","name":"/home/user/codex-web-prototype/parity/acceptance/tm-governance.test.ts"},{"assertionResults":[{"ancestorTitles":["TMX → retrieval index"],"fullName":"TMX → retrieval index [tm.tmx.to-index] imported TMX pairs become retrievable examples, honoring the TM-contribution flag","status":"passed","title":"[tm.tmx.to-index] imported TMX pairs become retrievable examples, honoring the TM-contribution flag","duration":8.851673000000005,"failureMessages":[],"meta":{},"tags":[]},{"ancestorTitles":["offline XLIFF re-import"],"fullName":"offline XLIFF re-import [fmt.offline.reimport] externally translated XLIFF updates segments by unit id; unmatched units are reported","status":"passed","title":"[fmt.offline.reimport] externally translated XLIFF updates segments by unit id; unmatched units are reported","duration":4.9158840000000055,"failureMessages":[],"meta":{},"tags":[]},{"ancestorTitles":["XLSX import"],"fullName":"XLSX import [fmt.xlsx.import] extracts shared-string and inline-string cells across sheets","status":"passed","title":"[fmt.xlsx.import] extracts shared-string and inline-string cells across sheets","duration":6.377793999999994,"failureMessages":[],"meta":{},"tags":[]},{"ancestorTitles":["project zip package"],"fullName":"project zip package [fmt.zip.package] multi-file project exports one zip entry per file with translated content","status":"passed","title":"[fmt.zip.package] multi-file project exports one zip entry per file with translated content","duration":16.719298000000094,"failureMessages":[],"meta":{},"tags":[]},{"ancestorTitles":["termbase + glossary QA"],"fullName":"termbase + glossary QA [qa.termbase.import] parses a spreadsheet termbase with forbidden and notes columns into Concepts","status":"passed","title":"[qa.termbase.import] parses a spreadsheet termbase with forbidden and notes columns into Concepts","duration":1.1855269999999791,"failureMessages":[],"meta":{},"tags":[]},{"ancestorTitles":["termbase + glossary QA"],"fullName":"termbase + glossary QA [qa.glossary] flags missing approved renderings and forbidden terms in target","status":"passed","title":"[qa.glossary] flags missing approved renderings and forbidden terms in target","duration":4.718241999999918,"failureMessages":[],"meta":{},"tags":[]},{"ancestorTitles":["workflow"],"fullName":"workflow [wf.segment-status] exposes per-status segment counts for progress reporting","status":"passed","title":"[wf.segment-status] exposes per-status segment counts for progress reporting","duration":0.31016700000009223,"failureMessages":[],"meta":{},"tags":[]},{"ancestorTitles":["workflow"],"fullName":"workflow [wf.progress.stats] reports raw word counts per status plus completion percentage","status":"passed","title":"[wf.progress.stats] reports raw word counts per status plus completion percentage","duration":0.7170599999999467,"failureMessages":[],"meta":{},"tags":[]},{"ancestorTitles":["workflow"],"fullName":"workflow [wf.autopropagation] confirming a translation propagates to identical sources, skipping validated cells and self","status":"passed","title":"[wf.autopropagation] confirming a translation propagates to identical sources, skipping validated cells and self","duration":0.5789210000000367,"failureMessages":[],"meta":{},"tags":[]}],"startTime":1783186378277,"endTime":1783186378322.5789,"status":"passed","message":"","name":"/home/user/codex-web-prototype/parity/acceptance/workflow-tm.test.ts"},{"assertionResults":[{"ancestorTitles":["event-names constants"],"fullName":"event-names constants all event name constants are non-empty strings","status":"passed","title":"all event name constants are non-empty strings","duration":2.565733000000023,"failureMessages":[],"meta":{},"tags":[]},{"ancestorTitles":["event-names constants"],"fullName":"event-names constants event names are lowercase space-separated (match codebase convention)","status":"passed","title":"event names are lowercase space-separated (match codebase convention)","duration":1.1874900000000252,"failureMessages":[],"meta":{},"tags":[]},{"ancestorTitles":["event-names constants"],"fullName":"event-names constants all event names are unique","status":"passed","title":"all event names are unique","duration":0.2630909999999176,"failureMessages":[],"meta":{},"tags":[]},{"ancestorTitles":["emitTargetCellCommit — FIRST_CELL_COMMIT instrumentation"],"fullName":"emitTargetCellCommit — FIRST_CELL_COMMIT instrumentation captures FIRST_CELL_COMMIT when called","status":"passed","title":"captures FIRST_CELL_COMMIT when called","duration":25.148055,"failureMessages":[],"meta":{},"tags":[]},{"ancestorTitles":["emitTargetCellCommit — FIRST_CELL_COMMIT instrumentation"],"fullName":"emitTargetCellCommit — FIRST_CELL_COMMIT instrumentation does not capture FIRST_CELL_COMMIT on the second call (once-per-session)","status":"passed","title":"does not capture FIRST_CELL_COMMIT on the second call (once-per-session)","duration":1.0445829999999887,"failureMessages":[],"meta":{},"tags":[]},{"ancestorTitles":["emitCellValidate — FIRST_CELL_VALIDATE instrumentation"],"fullName":"emitCellValidate — FIRST_CELL_VALIDATE instrumentation captures FIRST_CELL_VALIDATE when called","status":"passed","title":"captures FIRST_CELL_VALIDATE when called","duration":0.6736339999999927,"failureMessages":[],"meta":{},"tags":[]},{"ancestorTitles":["emitCellValidate — FIRST_CELL_VALIDATE instrumentation"],"fullName":"emitCellValidate — FIRST_CELL_VALIDATE instrumentation does not capture FIRST_CELL_VALIDATE on the second call (once-per-session)","status":"passed","title":"does not capture FIRST_CELL_VALIDATE on the second call (once-per-session)","duration":0.4949659999999767,"failureMessages":[],"meta":{},"tags":[]},{"ancestorTitles":["consent-off guard — mock plumbing"],"fullName":"consent-off guard — mock plumbing a silent capture mock records zero events from the event-names module","status":"passed","title":"a silent capture mock records zero events from the event-names module","duration":0.6544910000000073,"failureMessages":[],"meta":{},"tags":[]}],"startTime":1783186379518,"endTime":1783186379550.6545,"status":"passed","message":"","name":"/home/user/codex-web-prototype/src/lib/event-names.test.ts"},{"assertionResults":[{"ancestorTitles":["resetBatchCompletionState"],"fullName":"resetBatchCompletionState initialises progress to { total, done: 0, cancelled: false }","status":"passed","title":"initialises progress to { total, done: 0, cancelled: false }","duration":2.0310380000000805,"failureMessages":[],"meta":{},"tags":[]},{"ancestorTitles":["resetBatchCompletionState"],"fullName":"resetBatchCompletionState clears previous cancel state","status":"passed","title":"clears previous cancel state","duration":0.6635530000000927,"failureMessages":[],"meta":{},"tags":[]},{"ancestorTitles":["resetBatchCompletionState"],"fullName":"resetBatchCompletionState provides a fresh AbortSignal (not yet aborted)","status":"passed","title":"provides a fresh AbortSignal (not yet aborted)","duration":0.2783389999999599,"failureMessages":[],"meta":{},"tags":[]},{"ancestorTitles":["clearBatchCompletionProgress"],"fullName":"clearBatchCompletionProgress sets progress to null","status":"passed","title":"sets progress to null","duration":0.3854180000000724,"failureMessages":[],"meta":{},"tags":[]},{"ancestorTitles":["incrementBatchCompletionDone"],"fullName":"incrementBatchCompletionDone increments done count","status":"passed","title":"increments done count","duration":0.19452499999999873,"failureMessages":[],"meta":{},"tags":[]},{"ancestorTitles":["incrementBatchCompletionDone"],"fullName":"incrementBatchCompletionDone is a no-op when no batch is running","status":"passed","title":"is a no-op when no batch is running","duration":0.7425839999999653,"failureMessages":[],"meta":{},"tags":[]},{"ancestorTitles":["cancelBatchCompletion"],"fullName":"cancelBatchCompletion sets isBatchCompletionCancelled to true","status":"passed","title":"sets isBatchCompletionCancelled to true","duration":0.38883099999998194,"failureMessages":[],"meta":{},"tags":[]},{"ancestorTitles":["cancelBatchCompletion"],"fullName":"cancelBatchCompletion marks progress as cancelled","status":"passed","title":"marks progress as cancelled","duration":0.29223500000000513,"failureMessages":[],"meta":{},"tags":[]},{"ancestorTitles":["cancelBatchCompletion"],"fullName":"cancelBatchCompletion aborts the AbortController signal","status":"passed","title":"aborts the AbortController signal","duration":0.4116189999999733,"failureMessages":[],"meta":{},"tags":[]},{"ancestorTitles":["cancelBatchCompletion"],"fullName":"cancelBatchCompletion does not throw when called without a running batch","status":"passed","title":"does not throw when called without a running batch","duration":0.23811399999999594,"failureMessages":[],"meta":{},"tags":[]},{"ancestorTitles":["abort stops further cells (driver-loop invariant)"],"fullName":"abort stops further cells (driver-loop invariant) after cancelBatchCompletion, isCancelled is true so no new cells start","status":"passed","title":"after cancelBatchCompletion, isCancelled is true so no new cells start","duration":0.7230769999999893,"failureMessages":[],"meta":{},"tags":[]},{"ancestorTitles":["abort mid-stream does not commit partial text"],"fullName":"abort mid-stream does not commit partial text AbortError from complete() is detected by name","status":"passed","title":"AbortError from complete() is detected by name","duration":0.2321919999999409,"failureMessages":[],"meta":{},"tags":[]},{"ancestorTitles":["abort mid-stream does not commit partial text"],"fullName":"abort mid-stream does not commit partial text a regular error is NOT treated as an abort","status":"passed","title":"a regular error is NOT treated as an abort","duration":0.097171000000003,"failureMessages":[],"meta":{},"tags":[]},{"ancestorTitles":["run ID — cancel→restart: old run cannot resurrect after Stop"],"fullName":"run ID — cancel→restart: old run cannot resurrect after Stop resetBatchCompletionState returns a monotonically increasing run ID","status":"passed","title":"resetBatchCompletionState returns a monotonically increasing run ID","duration":0.20639199999993707,"failureMessages":[],"meta":{},"tags":[]},{"ancestorTitles":["run ID — cancel→restart: old run cannot resurrect after Stop"],"fullName":"run ID — cancel→restart: old run cannot resurrect after Stop old run ID sees isBatchCompletionCancelled as true after supersession","status":"passed","title":"old run ID sees isBatchCompletionCancelled as true after supersession","duration":0.24986699999999473,"failureMessages":[],"meta":{},"tags":[]},{"ancestorTitles":["run ID — cancel→restart: old run cannot resurrect after Stop"],"fullName":"run ID — cancel→restart: old run cannot resurrect after Stop getBatchCompletionSignal(oldId) returns an already-aborted signal after supersession","status":"passed","title":"getBatchCompletionSignal(oldId) returns an already-aborted signal after supersession","duration":0.17269499999997606,"failureMessages":[],"meta":{},"tags":[]},{"ancestorTitles":["run ID — cancel→restart: old run cannot resurrect after Stop"],"fullName":"run ID — cancel→restart: old run cannot resurrect after Stop flag and controller both belong to the new run after restart","status":"passed","title":"flag and controller both belong to the new run after restart","duration":0.21216199999992114,"failureMessages":[],"meta":{},"tags":[]},{"ancestorTitles":["run ID — run-A finally cannot clear run-B's progress"],"fullName":"run ID — run-A finally cannot clear run-B's progress clearBatchCompletionProgress(oldId) is a no-op when a newer run is active","status":"passed","title":"clearBatchCompletionProgress(oldId) is a no-op when a newer run is active","duration":0.2877520000000686,"failureMessages":[],"meta":{},"tags":[]},{"ancestorTitles":["run ID — run-A finally cannot clear run-B's progress"],"fullName":"run ID — run-A finally cannot clear run-B's progress incrementBatchCompletionDone(oldId) is a no-op when a newer run is active","status":"passed","title":"incrementBatchCompletionDone(oldId) is a no-op when a newer run is active","duration":0.13446600000008857,"failureMessages":[],"meta":{},"tags":[]},{"ancestorTitles":["run ID — done-counter accuracy on abort"],"fullName":"run ID — done-counter accuracy on abort aborted cells (no text committed) do not increment done","status":"passed","title":"aborted cells (no text committed) do not increment done","duration":0.11970599999995102,"failureMessages":[],"meta":{},"tags":[]},{"ancestorTitles":["run ID — done-counter accuracy on abort"],"fullName":"run ID — done-counter accuracy on abort calling cancelBatchCompletion then resetBatchCompletionState gives a clean counter","status":"passed","title":"calling cancelBatchCompletion then resetBatchCompletionState gives a clean counter","duration":0.11593399999992471,"failureMessages":[],"meta":{},"tags":[]}],"startTime":1783186380166,"endTime":1783186380175.1345,"status":"passed","message":"","name":"/home/user/codex-web-prototype/src/lib/completion/batch-completion.test.ts"},{"assertionResults":[{"ancestorTitles":["buildPrompt"],"fullName":"buildPrompt builds a prompt with examples and source text","status":"passed","title":"builds a prompt with examples and source text","duration":2.9477019999999357,"failureMessages":[],"meta":{},"tags":[]},{"ancestorTitles":["buildPrompt"],"fullName":"buildPrompt builds a prompt with no examples","status":"passed","title":"builds a prompt with no examples","duration":0.4509400000000596,"failureMessages":[],"meta":{},"tags":[]},{"ancestorTitles":["buildPrompt"],"fullName":"buildPrompt uses custom system prompt with placeholders","status":"passed","title":"uses custom system prompt with placeholders","duration":0.35435099999995145,"failureMessages":[],"meta":{},"tags":[]},{"ancestorTitles":["buildPrompt"],"fullName":"buildPrompt drops examples with an empty target so no blank 'Translation:' leaks into the prompt","status":"passed","title":"drops examples with an empty target so no blank 'Translation:' leaks into the prompt","duration":0.2974420000000464,"failureMessages":[],"meta":{},"tags":[]},{"ancestorTitles":["buildBatchPrompt"],"fullName":"buildBatchPrompt frames live cells as numbered <vN> tags and asks for the same structure back","status":"passed","title":"frames live cells as numbered <vN> tags and asks for the same structure back","duration":0.7501559999999472,"failureMessages":[],"meta":{},"tags":[]},{"ancestorTitles":["buildBatchPrompt"],"fullName":"buildBatchPrompt renders examples with mirrored <vN> tags on both source and translation sides","status":"passed","title":"renders examples with mirrored <vN> tags on both source and translation sides","duration":0.35512099999994007,"failureMessages":[],"meta":{},"tags":[]},{"ancestorTitles":["buildBatchPrompt"],"fullName":"buildBatchPrompt appends priorBatch as a final example to carry continuity across sub-batch splits","status":"passed","title":"appends priorBatch as a final example to carry continuity across sub-batch splits","duration":0.2702009999999291,"failureMessages":[],"meta":{},"tags":[]},{"ancestorTitles":["buildBatchPrompt"],"fullName":"buildBatchPrompt substitutes language placeholders in the user-supplied system prompt","status":"passed","title":"substitutes language placeholders in the user-supplied system prompt","duration":0.11864200000002256,"failureMessages":[],"meta":{},"tags":[]},{"ancestorTitles":["buildBatchPrompt"],"fullName":"buildBatchPrompt skips examples whose cells array is empty","status":"passed","title":"skips examples whose cells array is empty","duration":0.4465349999999262,"failureMessages":[],"meta":{},"tags":[]},{"ancestorTitles":["buildBatchPrompt"],"fullName":"buildBatchPrompt drops passage cells with an empty target, keeping source/target <vN> aligned","status":"passed","title":"drops passage cells with an empty target, keeping source/target <vN> aligned","duration":0.3039929999999913,"failureMessages":[],"meta":{},"tags":[]},{"ancestorTitles":["buildBatchPrompt"],"fullName":"buildBatchPrompt skips an example whose cells all have empty targets","status":"passed","title":"skips an example whose cells all have empty targets","duration":0.26265200000000277,"failureMessages":[],"meta":{},"tags":[]},{"ancestorTitles":["normalizeOpenAIBaseUrl"],"fullName":"normalizeOpenAIBaseUrl appends /v1/... to a bare host","status":"passed","title":"appends /v1/... to a bare host","duration":0.7712930000000142,"failureMessages":[],"meta":{},"tags":[]},{"ancestorTitles":["normalizeOpenAIBaseUrl"],"fullName":"normalizeOpenAIBaseUrl strips trailing slashes","status":"passed","title":"strips trailing slashes","duration":0.21568500000000768,"failureMessages":[],"meta":{},"tags":[]},{"ancestorTitles":["normalizeOpenAIBaseUrl"],"fullName":"normalizeOpenAIBaseUrl recognizes an existing /v1 suffix","status":"passed","title":"recognizes an existing /v1 suffix","duration":0.26500799999996616,"failureMessages":[],"meta":{},"tags":[]},{"ancestorTitles":["normalizeOpenAIBaseUrl"],"fullName":"normalizeOpenAIBaseUrl recognizes a full chat/completions URL","status":"passed","title":"recognizes a full chat/completions URL","duration":0.1232239999999365,"failureMessages":[],"meta":{},"tags":[]},{"ancestorTitles":["fetchModels"],"fullName":"fetchModels extracts model IDs from /v1/models response","status":"passed","title":"extracts model IDs from /v1/models response","duration":0.6741679999998951,"failureMessages":[],"meta":{},"tags":[]},{"ancestorTitles":["fetchModels"],"fullName":"fetchModels sends API key as Bearer when provided","status":"passed","title":"sends API key as Bearer when provided","duration":1.0494069999999738,"failureMessages":[],"meta":{},"tags":[]},{"ancestorTitles":["fetchModels"],"fullName":"fetchModels omits Authorization when no API key","status":"passed","title":"omits Authorization when no API key","duration":0.589792999999986,"failureMessages":[],"meta":{},"tags":[]},{"ancestorTitles":["fetchModels"],"fullName":"fetchModels throws on fetch error","status":"passed","title":"throws on fetch error","duration":1.4348580000000766,"failureMessages":[],"meta":{},"tags":[]},{"ancestorTitles":["resolveProvider"],"fullName":"resolveProvider returns explicit provider when set","status":"passed","title":"returns explicit provider when set","duration":0.19741799999997056,"failureMessages":[],"meta":{},"tags":[]},{"ancestorTitles":["resolveProvider"],"fullName":"resolveProvider infers 'frontier' when provider missing and endpoint blank (new default)","status":"passed","title":"infers 'frontier' when provider missing and endpoint blank (new default)","duration":0.1590569999999616,"failureMessages":[],"meta":{},"tags":[]},{"ancestorTitles":["resolveProvider"],"fullName":"resolveProvider infers 'custom' when provider missing but legacy endpoint is populated","status":"passed","title":"infers 'custom' when provider missing but legacy endpoint is populated","duration":0.08271000000002005,"failureMessages":[],"meta":{},"tags":[]},{"ancestorTitles":["resolveProvider"],"fullName":"resolveProvider tolerates undefined endpoint (partial record from server overlay)","status":"passed","title":"tolerates undefined endpoint (partial record from server overlay)","duration":0.18354699999997592,"failureMessages":[],"meta":{},"tags":[]},{"ancestorTitles":["complete"],"fullName":"complete frontier: POSTs to Frontier URL with Bearer JWT and model='default' when blank","status":"passed","title":"frontier: POSTs to Frontier URL with Bearer JWT and model='default' when blank","duration":2.2838779999999588,"failureMessages":[],"meta":{},"tags":[]},{"ancestorTitles":["complete"],"fullName":"complete frontier: uses explicit model override when provided","status":"passed","title":"frontier: uses explicit model override when provided","duration":0.4520700000000488,"failureMessages":[],"meta":{},"tags":[]},{"ancestorTitles":["complete"],"fullName":"complete frontier: throws 'Sign in' when session is null","status":"passed","title":"frontier: throws 'Sign in' when session is null","duration":1.4593149999999468,"failureMessages":[],"meta":{},"tags":[]},{"ancestorTitles":["complete"],"fullName":"complete frontier: surfaces 402 subscription-limit errors with server message","status":"passed","title":"frontier: surfaces 402 subscription-limit errors with server message","duration":0.5478919999999334,"failureMessages":[],"meta":{},"tags":[]},{"ancestorTitles":["complete"],"fullName":"complete custom: POSTs to {endpoint}/v1/chat/completions without auth","status":"passed","title":"custom: POSTs to {endpoint}/v1/chat/completions without auth","duration":0.7663139999999657,"failureMessages":[],"meta":{},"tags":[]},{"ancestorTitles":["complete"],"fullName":"complete custom: sends Bearer <apiKey> when configured (OpenRouter)","status":"passed","title":"custom: sends Bearer <apiKey> when configured (OpenRouter)","duration":0.6192340000000058,"failureMessages":[],"meta":{},"tags":[]},{"ancestorTitles":["complete"],"fullName":"complete custom: trims whitespace from apiKey","status":"passed","title":"custom: trims whitespace from apiKey","duration":0.5107580000000098,"failureMessages":[],"meta":{},"tags":[]},{"ancestorTitles":["complete"],"fullName":"complete custom: blank apiKey does not add Authorization header","status":"passed","title":"custom: blank apiKey does not add Authorization header","duration":0.3450109999999995,"failureMessages":[],"meta":{},"tags":[]},{"ancestorTitles":["complete"],"fullName":"complete custom: throws when endpoint is blank","status":"passed","title":"custom: throws when endpoint is blank","duration":0.5278450000000703,"failureMessages":[],"meta":{},"tags":[]},{"ancestorTitles":["complete"],"fullName":"complete stream: accumulates content even when SSE frames split across chunk boundaries","status":"passed","title":"stream: accumulates content even when SSE frames split across chunk boundaries","duration":1.1747400000000425,"failureMessages":[],"meta":{},"tags":[]},{"ancestorTitles":["complete"],"fullName":"complete stream: surfaces server-sent error chunks as thrown errors","status":"passed","title":"stream: surfaces server-sent error chunks as thrown errors","duration":0.8188229999999521,"failureMessages":[],"meta":{},"tags":[]},{"ancestorTitles":["complete"],"fullName":"complete stream: handles multi-byte UTF-8 split across chunks","status":"passed","title":"stream: handles multi-byte UTF-8 split across chunks","duration":0.5038379999999734,"failureMessages":[],"meta":{},"tags":[]},{"ancestorTitles":["complete"],"fullName":"complete frontier: forces non-streaming even when caller requests stream","status":"passed","title":"frontier: forces non-streaming even when caller requests stream","duration":0.3310879999999088,"failureMessages":[],"meta":{},"tags":[]},{"ancestorTitles":["collectValidatedPairs"],"fullName":"collectValidatedPairs returns only validated cells with non-empty source and target","status":"passed","title":"returns only validated cells with non-empty source and target","duration":0.5341120000000501,"failureMessages":[],"meta":{},"tags":[]},{"ancestorTitles":["collectValidatedPairs"],"fullName":"collectValidatedPairs returns empty array when no validated cells exist","status":"passed","title":"returns empty array when no validated cells exist","duration":0.12453500000003714,"failureMessages":[],"meta":{},"tags":[]},{"ancestorTitles":["collectValidatedPairs"],"fullName":"collectValidatedPairs respects the limit parameter","status":"passed","title":"respects the limit parameter","duration":0.3067640000000438,"failureMessages":[],"meta":{},"tags":[]},{"ancestorTitles":["collectValidatedPairs"],"fullName":"collectValidatedPairs ranks pairs with overlapping tokens ahead of non-overlapping when query is provided","status":"passed","title":"ranks pairs with overlapping tokens ahead of non-overlapping when query is provided","duration":0.4984120000000303,"failureMessages":[],"meta":{},"tags":[]},{"ancestorTitles":["collectValidatedPairs"],"fullName":"collectValidatedPairs falls back to insertion order when query is absent","status":"passed","title":"falls back to insertion order when query is absent","duration":0.10122999999998683,"failureMessages":[],"meta":{},"tags":[]},{"ancestorTitles":["buildRulesBlock"],"fullName":"buildRulesBlock returns empty string when rules array is empty","status":"passed","title":"returns empty string when rules array is empty","duration":0.14152999999998883,"failureMessages":[],"meta":{},"tags":[]},{"ancestorTitles":["buildRulesBlock"],"fullName":"buildRulesBlock returns empty string when all rules are disabled","status":"passed","title":"returns empty string when all rules are disabled","duration":0.12105200000007699,"failureMessages":[],"meta":{},"tags":[]},{"ancestorTitles":["buildRulesBlock"],"fullName":"buildRulesBlock renders source-requires-target as 'if source contains X → target must include Y'","status":"passed","title":"renders source-requires-target as 'if source contains X → target must include Y'","duration":0.2157910000000811,"failureMessages":[],"meta":{},"tags":[]},{"ancestorTitles":["buildRulesBlock"],"fullName":"buildRulesBlock renders target-forbids rule","status":"passed","title":"renders target-forbids rule","duration":0.1281139999999823,"failureMessages":[],"meta":{},"tags":[]},{"ancestorTitles":["buildRulesBlock"],"fullName":"buildRulesBlock renders source-target-match rule","status":"passed","title":"renders source-target-match rule","duration":0.0822130000000243,"failureMessages":[],"meta":{},"tags":[]},{"ancestorTitles":["buildRulesBlock"],"fullName":"buildRulesBlock skips builtin check type (no useful injection)","status":"passed","title":"skips builtin check type (no useful injection)","duration":0.06826399999999921,"failureMessages":[],"meta":{},"tags":[]},{"ancestorTitles":["buildPrompt with rules and validatedPairs"],"fullName":"buildPrompt with rules and validatedPairs injects enabled rules into the system prompt","status":"passed","title":"injects enabled rules into the system prompt","duration":0.12595099999998638,"failureMessages":[],"meta":{},"tags":[]},{"ancestorTitles":["buildPrompt with rules and validatedPairs"],"fullName":"buildPrompt with rules and validatedPairs does NOT inject disabled rules","status":"passed","title":"does NOT inject disabled rules","duration":0.21929099999999835,"failureMessages":[],"meta":{},"tags":[]},{"ancestorTitles":["buildPrompt with rules and validatedPairs"],"fullName":"buildPrompt with rules and validatedPairs prepends validatedPairs before search-retrieved examples","status":"passed","title":"prepends validatedPairs before search-retrieved examples","duration":0.18134200000008605,"failureMessages":[],"meta":{},"tags":[]},{"ancestorTitles":["buildPrompt with rules and validatedPairs"],"fullName":"buildPrompt with rules and validatedPairs behaves identically to the old signature when no rules/validatedPairs passed","status":"passed","title":"behaves identically to the old signature when no rules/validatedPairs passed","duration":0.26196700000002693,"failureMessages":[],"meta":{},"tags":[]},{"ancestorTitles":["buildBatchPrompt with rules and validatedPairs"],"fullName":"buildBatchPrompt with rules and validatedPairs injects rules into the system prompt","status":"passed","title":"injects rules into the system prompt","duration":1.064659000000006,"failureMessages":[],"meta":{},"tags":[]},{"ancestorTitles":["buildBatchPrompt with rules and validatedPairs"],"fullName":"buildBatchPrompt with rules and validatedPairs prepends validatedPairs before passage examples in user message","status":"passed","title":"prepends validatedPairs before passage examples in user message","duration":0.24417399999992995,"failureMessages":[],"meta":{},"tags":[]},{"ancestorTitles":["CompletionSettings v1 retrieval fields"],"fullName":"CompletionSettings v1 retrieval fields FALLBACK_SETTINGS-style defaults: top_k=15, contextSize=medium, useOnlyValidatedExamples=false, main_chat_language empty","status":"passed","title":"FALLBACK_SETTINGS-style defaults: top_k=15, contextSize=medium, useOnlyValidatedExamples=false, main_chat_language empty","duration":0.24291199999993296,"failureMessages":[],"meta":{},"tags":[]},{"ancestorTitles":["CompletionSettings v1 retrieval fields"],"fullName":"CompletionSettings v1 retrieval fields collectValidatedPairs respects top_k limit","status":"passed","title":"collectValidatedPairs respects top_k limit","duration":0.22523400000000038,"failureMessages":[],"meta":{},"tags":[]},{"ancestorTitles":["CompletionSettings v1 retrieval fields"],"fullName":"CompletionSettings v1 retrieval fields collectValidatedPairs returns only validated cells","status":"passed","title":"collectValidatedPairs returns only validated cells","duration":0.17196999999998752,"failureMessages":[],"meta":{},"tags":[]},{"ancestorTitles":["DEFAULT_SYSTEM_PROMPT instruction steps"],"fullName":"DEFAULT_SYSTEM_PROMPT instruction steps contains the 7-step analysis→complete→consistency instruction sequence","status":"passed","title":"contains the 7-step analysis→complete→consistency instruction sequence","duration":0.2134280000000217,"failureMessages":[],"meta":{},"tags":[]},{"ancestorTitles":["DEFAULT_SYSTEM_PROMPT instruction steps"],"fullName":"DEFAULT_SYSTEM_PROMPT instruction steps retains language placeholders and output-only strictness","status":"passed","title":"retains language placeholders and output-only strictness","duration":0.1083889999999883,"failureMessages":[],"meta":{},"tags":[]},{"ancestorTitles":["DEFAULT_SYSTEM_PROMPT instruction steps"],"fullName":"DEFAULT_SYSTEM_PROMPT instruction steps emphasises ultra-low-resource language","status":"passed","title":"emphasises ultra-low-resource language","duration":0.11681900000007772,"failureMessages":[],"meta":{},"tags":[]},{"ancestorTitles":["buildPrompt — target-only format"],"fullName":"buildPrompt — target-only format omits 'Source:' lines for examples and renders only 'Target:'","status":"passed","title":"omits 'Source:' lines for examples and renders only 'Target:'","duration":0.26589899999999034,"failureMessages":[],"meta":{},"tags":[]},{"ancestorTitles":["buildPrompt — target-only format"],"fullName":"buildPrompt — target-only format appends the reference-translation note to the system prompt","status":"passed","title":"appends the reference-translation note to the system prompt","duration":0.08674999999993815,"failureMessages":[],"meta":{},"tags":[]},{"ancestorTitles":["buildPrompt — target-only format"],"fullName":"buildPrompt — target-only format default (source-and-target) behavior is unchanged","status":"passed","title":"default (source-and-target) behavior is unchanged","duration":0.11826700000005985,"failureMessages":[],"meta":{},"tags":[]},{"ancestorTitles":["buildBatchPrompt — target-only format"],"fullName":"buildBatchPrompt — target-only format omits 'Source:' blocks for examples and renders only 'Translation:' target list","status":"passed","title":"omits 'Source:' blocks for examples and renders only 'Translation:' target list","duration":0.18124999999997726,"failureMessages":[],"meta":{},"tags":[]},{"ancestorTitles":["buildBatchPrompt — target-only format"],"fullName":"buildBatchPrompt — target-only format appends the reference-translation note to the system prompt","status":"passed","title":"appends the reference-translation note to the system prompt","duration":1.5672490000000607,"failureMessages":[],"meta":{},"tags":[]},{"ancestorTitles":["buildBatchPrompt — target-only format"],"fullName":"buildBatchPrompt — target-only format default (source-and-target) batch behavior is unchanged","status":"passed","title":"default (source-and-target) batch behavior is unchanged","duration":0.24406299999998282,"failureMessages":[],"meta":{},"tags":[]},{"ancestorTitles":["buildBriefBlock"],"fullName":"buildBriefBlock wraps a non-empty summary in a labeled block","status":"passed","title":"wraps a non-empty summary in a labeled block","duration":0.1251479999999674,"failureMessages":[],"meta":{},"tags":[]},{"ancestorTitles":["buildBriefBlock"],"fullName":"buildBriefBlock returns empty string for blank input","status":"passed","title":"returns empty string for blank input","duration":0.0806479999999965,"failureMessages":[],"meta":{},"tags":[]},{"ancestorTitles":["buildPrompt with brief summary"],"fullName":"buildPrompt with brief summary injects the brief block into the system message when present","status":"passed","title":"injects the brief block into the system message when present","duration":0.10644700000000284,"failureMessages":[],"meta":{},"tags":[]},{"ancestorTitles":["buildPrompt with brief summary"],"fullName":"buildPrompt with brief summary omits the brief block when absent","status":"passed","title":"omits the brief block when absent","duration":0.07667700000001787,"failureMessages":[],"meta":{},"tags":[]},{"ancestorTitles":["buildPrompt precedingContext (D4)"],"fullName":"buildPrompt precedingContext (D4) renders preceding committed context after examples and just before the live source","status":"passed","title":"renders preceding committed context after examples and just before the live source","duration":0.24722600000006878,"failureMessages":[],"meta":{},"tags":[]},{"ancestorTitles":["buildPrompt precedingContext (D4)"],"fullName":"buildPrompt precedingContext (D4) omits empty/blank preceding pairs and works when absent","status":"passed","title":"omits empty/blank preceding pairs and works when absent","duration":0.08938200000000052,"failureMessages":[],"meta":{},"tags":[]},{"ancestorTitles":["buildParagraphPrompt"],"fullName":"buildParagraphPrompt encodes source cells as <c id> tags in the user message (D11)","status":"passed","title":"encodes source cells as <c id> tags in the user message (D11)","duration":0.3863020000000006,"failureMessages":[],"meta":{},"tags":[]},{"ancestorTitles":["buildParagraphPrompt"],"fullName":"buildParagraphPrompt system prompt instructs model to reply with <c id> tags (D11)","status":"passed","title":"system prompt instructs model to reply with <c id> tags (D11)","duration":0.11582599999997001,"failureMessages":[],"meta":{},"tags":[]},{"ancestorTitles":["buildParagraphPrompt"],"fullName":"buildParagraphPrompt injects preceding committed TARGET context before the live paragraph (D4)","status":"passed","title":"injects preceding committed TARGET context before the live paragraph (D4)","duration":0.1137740000000349,"failureMessages":[],"meta":{},"tags":[]},{"ancestorTitles":["buildParagraphPrompt"],"fullName":"buildParagraphPrompt renders a blank-target preceding cell as source-only fallback, not a Translation pair (D4)","status":"passed","title":"renders a blank-target preceding cell as source-only fallback, not a Translation pair (D4)","duration":0.16567199999997229,"failureMessages":[],"meta":{},"tags":[]},{"ancestorTitles":["buildParagraphPrompt"],"fullName":"buildParagraphPrompt includes following source context labeled as context-only (D4 right side)","status":"passed","title":"includes following source context labeled as context-only (D4 right side)","duration":0.14444200000002638,"failureMessages":[],"meta":{},"tags":[]},{"ancestorTitles":["buildParagraphPrompt"],"fullName":"buildParagraphPrompt renders passage examples before preceding context and live paragraph","status":"passed","title":"renders passage examples before preceding context and live paragraph","duration":0.15798800000004576,"failureMessages":[],"meta":{},"tags":[]},{"ancestorTitles":["buildParagraphPrompt"],"fullName":"buildParagraphPrompt injects rules into the system prompt","status":"passed","title":"injects rules into the system prompt","duration":0.13788800000008905,"failureMessages":[],"meta":{},"tags":[]},{"ancestorTitles":["buildParagraphPrompt"],"fullName":"buildParagraphPrompt injects brief summary into the system prompt","status":"passed","title":"injects brief summary into the system prompt","duration":0.24129199999993034,"failureMessages":[],"meta":{},"tags":[]},{"ancestorTitles":["buildParagraphPrompt"],"fullName":"buildParagraphPrompt substitutes language placeholders and none remain in output","status":"passed","title":"substitutes language placeholders and none remain in output","duration":0.18042000000002645,"failureMessages":[],"meta":{},"tags":[]}],"startTime":1783186378991,"endTime":1783186379025.2412,"status":"passed","message":"","name":"/home/user/codex-web-prototype/src/lib/completion/completion-service.test.ts"},{"assertionResults":[{"ancestorTitles":["escapeVoiceName"],"fullName":"escapeVoiceName strips <,> and collapses newlines","status":"passed","title":"strips <,> and collapses newlines","duration":1.726953000000094,"failureMessages":[],"meta":{},"tags":[]},{"ancestorTitles":["extractVoiceLabel"],"fullName":"extractVoiceLabel pulls a <v Speaker>...</v> span into speaker + unwrapped text","status":"passed","title":"pulls a <v Speaker>...</v> span into speaker + unwrapped text","duration":0.9697439999999915,"failureMessages":[],"meta":{},"tags":[]},{"ancestorTitles":["extractVoiceLabel"],"fullName":"extractVoiceLabel supports open-ended <v Speaker>... without closing tag","status":"passed","title":"supports open-ended <v Speaker>... without closing tag","duration":0.38732600000003004,"failureMessages":[],"meta":{},"tags":[]},{"ancestorTitles":["extractVoiceLabel"],"fullName":"extractVoiceLabel returns null speaker and original text when no voice tag","status":"passed","title":"returns null speaker and original text when no voice tag","duration":0.2626870000000281,"failureMessages":[],"meta":{},"tags":[]}],"startTime":1783186381429,"endTime":1783186381432.3872,"status":"passed","message":"","name":"/home/user/codex-web-prototype/src/lib/export/vtt-voice.test.ts"},{"assertionResults":[{"ancestorTitles":["cellDecay"],"fullName":"cellDecay is 1 for an untouched cell (0 endorsements)","status":"passed","title":"is 1 for an untouched cell (0 endorsements)","duration":1.6766839999999092,"failureMessages":[],"meta":{},"tags":[]},{"ancestorTitles":["cellDecay"],"fullName":"cellDecay reaches 0 at the endorsement target","status":"passed","title":"reaches 0 at the endorsement target","duration":0.32116899999994075,"failureMessages":[],"meta":{},"tags":[]},{"ancestorTitles":["cellDecay"],"fullName":"cellDecay floors at 0 beyond the target","status":"passed","title":"floors at 0 beyond the target","duration":0.2902839999999287,"failureMessages":[],"meta":{},"tags":[]},{"ancestorTitles":["cellDecay"],"fullName":"cellDecay interpolates linearly","status":"passed","title":"interpolates linearly","duration":0.26478499999996075,"failureMessages":[],"meta":{},"tags":[]},{"ancestorTitles":["cellDecay"],"fullName":"cellDecay treats a non-positive target as fully healthy","status":"passed","title":"treats a non-positive target as fully healthy","duration":0.21376899999995658,"failureMessages":[],"meta":{},"tags":[]},{"ancestorTitles":["cellHealth"],"fullName":"cellHealth is 0 for an untouched cell and 100 at target","status":"passed","title":"is 0 for an untouched cell and 100 at target","duration":0.2006740000000491,"failureMessages":[],"meta":{},"tags":[]},{"ancestorTitles":["needsAttention (defaults: target 5, warn 0.66)"],"fullName":"needsAttention (defaults: target 5, warn 0.66) marks a 1-endorsement cell (decay 0.8 > 0.66)","status":"passed","title":"marks a 1-endorsement cell (decay 0.8 > 0.66)","duration":0.13728100000002996,"failureMessages":[],"meta":{},"tags":[]},{"ancestorTitles":["needsAttention (defaults: target 5, warn 0.66)"],"fullName":"needsAttention (defaults: target 5, warn 0.66) clears a 2-endorsement cell (decay 0.6 <= 0.66)","status":"passed","title":"clears a 2-endorsement cell (decay 0.6 <= 0.66)","duration":0.2031280000001061,"failureMessages":[],"meta":{},"tags":[]},{"ancestorTitles":["needsAttention (defaults: target 5, warn 0.66)"],"fullName":"needsAttention (defaults: target 5, warn 0.66) marks an untouched cell","status":"passed","title":"marks an untouched cell","duration":0.34066600000005565,"failureMessages":[],"meta":{},"tags":[]},{"ancestorTitles":["computeDecayHealth"],"fullName":"computeDecayHealth computes per-cell, file, and project health = 1 - mean(decay)","status":"passed","title":"computes per-cell, file, and project health = 1 - mean(decay)","duration":0.4562220000000252,"failureMessages":[],"meta":{},"tags":[]},{"ancestorTitles":["computeDecayHealth"],"fullName":"computeDecayHealth returns 0 health for an empty project","status":"passed","title":"returns 0 health for an empty project","duration":0.1058739999999716,"failureMessages":[],"meta":{},"tags":[]},{"ancestorTitles":["resolveDecayConfig"],"fullName":"resolveDecayConfig defaults the target to the required-validations gate","status":"passed","title":"defaults the target to the required-validations gate","duration":0.13446199999998498,"failureMessages":[],"meta":{},"tags":[]},{"ancestorTitles":["resolveDecayConfig"],"fullName":"resolveDecayConfig clamps a non-positive gate up to 1","status":"passed","title":"clamps a non-positive gate up to 1","duration":0.0654580000000351,"failureMessages":[],"meta":{},"tags":[]},{"ancestorTitles":["resolveDecayConfig"],"fullName":"resolveDecayConfig lets an explicit endorsementTarget override the gate","status":"passed","title":"lets an explicit endorsementTarget override the gate","duration":0.10885300000006737,"failureMessages":[],"meta":{},"tags":[]},{"ancestorTitles":["resolveDecayConfig"],"fullName":"resolveDecayConfig defaults the warn threshold but lets it be overridden","status":"passed","title":"defaults the warn threshold but lets it be overridden","duration":0.10709899999994832,"failureMessages":[],"meta":{},"tags":[]},{"ancestorTitles":["resolveDecayConfig"],"fullName":"resolveDecayConfig makes a single endorsement fully healthy at a gate of 1","status":"passed","title":"makes a single endorsement fully healthy at a gate of 1","duration":0.08350900000004913,"failureMessages":[],"meta":{},"tags":[]},{"ancestorTitles":["needsAttentionFromConfidence (FRO-181)"],"fullName":"needsAttentionFromConfidence (FRO-181) marks a cell with confidence 0 (decay 1 > 0.66)","status":"passed","title":"marks a cell with confidence 0 (decay 1 > 0.66)","duration":0.10297700000000987,"failureMessages":[],"meta":{},"tags":[]},{"ancestorTitles":["needsAttentionFromConfidence (FRO-181)"],"fullName":"needsAttentionFromConfidence (FRO-181) marks a cell with confidence 33 (decay 0.67 > 0.66)","status":"passed","title":"marks a cell with confidence 33 (decay 0.67 > 0.66)","duration":0.05823899999995774,"failureMessages":[],"meta":{},"tags":[]},{"ancestorTitles":["needsAttentionFromConfidence (FRO-181)"],"fullName":"needsAttentionFromConfidence (FRO-181) clears a cell with confidence 100 (validated anchor; decay 0)","status":"passed","title":"clears a cell with confidence 100 (validated anchor; decay 0)","duration":0.05266400000004978,"failureMessages":[],"meta":{},"tags":[]},{"ancestorTitles":["needsAttentionFromConfidence (FRO-181)"],"fullName":"needsAttentionFromConfidence (FRO-181) clears a cell with confidence 34 (decay 0.66 = threshold, not above)","status":"passed","title":"clears a cell with confidence 34 (decay 0.66 = threshold, not above)","duration":0.10162800000000516,"failureMessages":[],"meta":{},"tags":[]},{"ancestorTitles":["needsAttentionFromConfidence (FRO-181)"],"fullName":"needsAttentionFromConfidence (FRO-181) marks a cell with confidence 33 against a custom warn of 0.5","status":"passed","title":"marks a cell with confidence 33 against a custom warn of 0.5","duration":0.07257900000001882,"failureMessages":[],"meta":{},"tags":[]},{"ancestorTitles":["needsAttentionFromConfidence (FRO-181)"],"fullName":"needsAttentionFromConfidence (FRO-181) clears a cell with confidence 60 against a custom warn of 0.5 (decay 0.4 <= 0.5)","status":"passed","title":"clears a cell with confidence 60 against a custom warn of 0.5 (decay 0.4 <= 0.5)","duration":0.055219999999962965,"failureMessages":[],"meta":{},"tags":[]},{"ancestorTitles":["CELL_NEEDS_ATTENTION_STATUS (FRO-232)"],"fullName":"CELL_NEEDS_ATTENTION_STATUS (FRO-232) does not contain the word 'neighborhood'","status":"passed","title":"does not contain the word 'neighborhood'","duration":0.2569570000000567,"failureMessages":[],"meta":{},"tags":[]},{"ancestorTitles":["CELL_NEEDS_ATTENTION_STATUS (FRO-232)"],"fullName":"CELL_NEEDS_ATTENTION_STATUS (FRO-232) does not duplicate 'needs attention' within the string","status":"passed","title":"does not duplicate 'needs attention' within the string","duration":0.19714999999996508,"failureMessages":[],"meta":{},"tags":[]},{"ancestorTitles":["CELL_NEEDS_ATTENTION_STATUS (FRO-232)"],"fullName":"CELL_NEEDS_ATTENTION_STATUS (FRO-232) is the expected exact string (FRO-232 regression guard)","status":"passed","title":"is the expected exact string (FRO-232 regression guard)","duration":0.0812629999999217,"failureMessages":[],"meta":{},"tags":[]}],"startTime":1783186380851,"endTime":1783186380858.0813,"status":"passed","message":"","name":"/home/user/codex-web-prototype/src/lib/health/decay-engine.test.ts"},{"assertionResults":[{"ancestorTitles":["DecaySettings.maxHops (FRO-181)"],"fullName":"DecaySettings.maxHops (FRO-181) accepts maxHops in the type","status":"passed","title":"accepts maxHops in the type","duration":1.6942679999999655,"failureMessages":[],"meta":{},"tags":[]},{"ancestorTitles":["DecaySettings.maxHops (FRO-181)"],"fullName":"DecaySettings.maxHops (FRO-181) maxHops is optional (fallback to server default 4)","status":"passed","title":"maxHops is optional (fallback to server default 4)","duration":0.2875739999999496,"failureMessages":[],"meta":{},"tags":[]},{"ancestorTitles":["DecaySettings.maxHops (FRO-181)"],"fullName":"DecaySettings.maxHops (FRO-181) endorsementTarget is still present in the type (backward compat)","status":"passed","title":"endorsementTarget is still present in the type (backward compat)","duration":0.3590439999999262,"failureMessages":[],"meta":{},"tags":[]},{"ancestorTitles":["DecaySettings.maxHops (FRO-181)"],"fullName":"DecaySettings.maxHops (FRO-181) both maxHops and endorsementTarget can coexist in persisted settings","status":"passed","title":"both maxHops and endorsementTarget can coexist in persisted settings","duration":0.2891300000000001,"failureMessages":[],"meta":{},"tags":[]},{"ancestorTitles":["DecaySettings maxHops propagated to health-rollup fetch args (FRO-181)"],"fullName":"DecaySettings maxHops propagated to health-rollup fetch args (FRO-181) includes maxHops in query string when set","status":"passed","title":"includes maxHops in query string when set","duration":0.29955600000005234,"failureMessages":[],"meta":{},"tags":[]},{"ancestorTitles":["DecaySettings maxHops propagated to health-rollup fetch args (FRO-181)"],"fullName":"DecaySettings maxHops propagated to health-rollup fetch args (FRO-181) omits maxHops from query string when not set","status":"passed","title":"omits maxHops from query string when not set","duration":0.21526600000004237,"failureMessages":[],"meta":{},"tags":[]}],"startTime":1783186381467,"endTime":1783186381470.2996,"status":"passed","message":"","name":"/home/user/codex-web-prototype/src/lib/health/decay-settings.test.ts"},{"assertionResults":[{"ancestorTitles":["extractVttStrings"],"fullName":"extractVttStrings parses VTT cues","status":"passed","title":"parses VTT cues","duration":3.2291209999999637,"failureMessages":[],"meta":{},"tags":[]},{"ancestorTitles":["extractVttStrings"],"fullName":"extractVttStrings handles multi-line cue text","status":"passed","title":"handles multi-line cue text","duration":0.48673600000006445,"failureMessages":[],"meta":{},"tags":[]},{"ancestorTitles":["extractVttStrings"],"fullName":"extractVttStrings handles empty input","status":"passed","title":"handles empty input","duration":0.39552199999991444,"failureMessages":[],"meta":{},"tags":[]},{"ancestorTitles":["extractVttStrings"],"fullName":"extractVttStrings sets translated equal to original","status":"passed","title":"sets translated equal to original","duration":0.1763620000000401,"failureMessages":[],"meta":{},"tags":[]},{"ancestorTitles":["extractSrtStrings"],"fullName":"extractSrtStrings parses SRT cues","status":"passed","title":"parses SRT cues","duration":0.7936549999999443,"failureMessages":[],"meta":{},"tags":[]},{"ancestorTitles":["extractSrtStrings"],"fullName":"extractSrtStrings handles multi-line cue text","status":"passed","title":"handles multi-line cue text","duration":0.41190900000003694,"failureMessages":[],"meta":{},"tags":[]},{"ancestorTitles":["extractSrtStrings"],"fullName":"extractSrtStrings handles empty input","status":"passed","title":"handles empty input","duration":0.23173399999996036,"failureMessages":[],"meta":{},"tags":[]}],"startTime":1783186380895,"endTime":1783186380901.4119,"status":"passed","message":"","name":"/home/user/codex-web-prototype/src/lib/parsers/subtitle.test.ts"},{"assertionResults":[{"ancestorTitles":["cqrs outbox"],"fullName":"cqrs outbox enqueue, peek, remove","status":"passed","title":"enqueue, peek, remove","duration":13.051886999999965,"failureMessages":[],"meta":{},"tags":[]},{"ancestorTitles":["cqrs outbox"],"fullName":"cqrs outbox markOutboxAttempt records attempts and lastError on existing rows","status":"passed","title":"markOutboxAttempt records attempts and lastError on existing rows","duration":4.023148000000106,"failureMessages":[],"meta":{},"tags":[]},{"ancestorTitles":["cqrs outbox"],"fullName":"cqrs outbox markOutboxAttempt is a no-op for ids not in the store","status":"passed","title":"markOutboxAttempt is a no-op for ids not in the store","duration":1.1150659999999561,"failureMessages":[],"meta":{},"tags":[]},{"ancestorTitles":["cqrs outbox"],"fullName":"cqrs outbox flushOutboxBatch records auth quarantine on 401 rejected rows","status":"passed","title":"flushOutboxBatch records auth quarantine on 401 rejected rows","duration":5.084784000000013,"failureMessages":[],"meta":{},"tags":[]},{"ancestorTitles":["cqrs outbox"],"fullName":"cqrs outbox flushOutboxBatch POSTs and removes accepted rows","status":"passed","title":"flushOutboxBatch POSTs and removes accepted rows","duration":1.578437000000008,"failureMessages":[],"meta":{},"tags":[]},{"ancestorTitles":["cqrs outbox"],"fullName":"cqrs outbox failure cap: record transitions to `failed` after OUTBOX_MAX_ATTEMPTS","status":"passed","title":"failure cap: record transitions to `failed` after OUTBOX_MAX_ATTEMPTS","duration":2.141823000000045,"failureMessages":[],"meta":{},"tags":[]},{"ancestorTitles":["cqrs outbox"],"fullName":"cqrs outbox peekPendingOutboxBatch excludes failed records","status":"passed","title":"peekPendingOutboxBatch excludes failed records","duration":1.2046810000000505,"failureMessages":[],"meta":{},"tags":[]},{"ancestorTitles":["cqrs outbox"],"fullName":"cqrs outbox requeueTransientlyFailedOutboxEvents revives status-0 failed records back to pending","status":"passed","title":"requeueTransientlyFailedOutboxEvents revives status-0 failed records back to pending","duration":1.5939220000000205,"failureMessages":[],"meta":{},"tags":[]},{"ancestorTitles":["cqrs outbox"],"fullName":"cqrs outbox requeueTransientlyFailedOutboxEvents revives 5xx-failed records but leaves 4xx quarantines","status":"passed","title":"requeueTransientlyFailedOutboxEvents revives 5xx-failed records but leaves 4xx quarantines","duration":2.6950769999999693,"failureMessages":[],"meta":{},"tags":[]},{"ancestorTitles":["cqrs outbox"],"fullName":"cqrs outbox requeueTransientlyFailedOutboxEvents is a no-op when there are no failed records","status":"passed","title":"requeueTransientlyFailedOutboxEvents is a no-op when there are no failed records","duration":0.8242210000000796,"failureMessages":[],"meta":{},"tags":[]},{"ancestorTitles":["cqrs outbox"],"fullName":"cqrs outbox stampOutboxError does NOT increment attempts (used for transient failures)","status":"passed","title":"stampOutboxError does NOT increment attempts (used for transient failures)","duration":1.4252129999999852,"failureMessages":[],"meta":{},"tags":[]},{"ancestorTitles":["cqrs outbox"],"fullName":"cqrs outbox quarantineOutboxEvents immediately moves records to failed status","status":"passed","title":"quarantineOutboxEvents immediately moves records to failed status","duration":1.8510909999999967,"failureMessages":[],"meta":{},"tags":[]}],"startTime":1783186378879,"endTime":1783186378915.851,"status":"passed","message":"","name":"/home/user/codex-web-prototype/src/lib/sync/outbox.test.ts"}]}