{"numTotalTestSuites":62,"numPassedTestSuites":62,"numFailedTestSuites":0,"numPendingTestSuites":0,"numTotalTests":183,"numPassedTests":183,"numFailedTests":0,"numPendingTests":0,"numTodoTests":0,"snapshot":{"added":0,"failure":false,"filesAdded":0,"filesRemoved":0,"filesRemovedList":[],"filesUnmatched":0,"filesUpdated":0,"matched":0,"total":0,"unchecked":0,"uncheckedKeysByFile":[],"unmatched":0,"updated":0,"didUpdate":false},"startTime":1783184824274,"success":true,"testResults":[{"assertionResults":[{"ancestorTitles":["text-family round-trip"],"fullName":"text-family round-trip [fmt.txt.roundtrip] plain text keeps paragraph structure and falls back to source","status":"passed","title":"[fmt.txt.roundtrip] plain text keeps paragraph structure and falls back to source","duration":3.1358060000000023,"failureMessages":[],"meta":{},"tags":[]},{"ancestorTitles":["text-family round-trip"],"fullName":"text-family round-trip [fmt.csv.roundtrip] bilingual CSV survives quotes, commas and embedded newlines","status":"passed","title":"[fmt.csv.roundtrip] bilingual CSV survives quotes, commas and embedded newlines","duration":2.2534029999999348,"failureMessages":[],"meta":{},"tags":[]},{"ancestorTitles":["text-family round-trip"],"fullName":"text-family round-trip [fmt.tsv.roundtrip] bilingual TSV survives round-trip with identical values","status":"passed","title":"[fmt.tsv.roundtrip] bilingual TSV survives round-trip with identical values","duration":0.9499749999999949,"failureMessages":[],"meta":{},"tags":[]},{"ancestorTitles":["text-family round-trip"],"fullName":"text-family round-trip [fmt.srt.roundtrip] SRT preserves cue count, order and millisecond timecodes","status":"passed","title":"[fmt.srt.roundtrip] SRT preserves cue count, order and millisecond timecodes","duration":2.5186950000000934,"failureMessages":[],"meta":{},"tags":[]},{"ancestorTitles":["text-family round-trip"],"fullName":"text-family round-trip [fmt.vtt.roundtrip] VTT preserves header, timecodes and voice tags","status":"passed","title":"[fmt.vtt.roundtrip] VTT preserves header, timecodes and voice tags","duration":1.7989770000000362,"failureMessages":[],"meta":{},"tags":[]},{"ancestorTitles":["text-family round-trip"],"fullName":"text-family round-trip [fmt.md.roundtrip] markdown reconstructs headings, lists and blockquotes","status":"passed","title":"[fmt.md.roundtrip] markdown reconstructs headings, lists and blockquotes","duration":1.8288890000000038,"failureMessages":[],"meta":{},"tags":[]}],"startTime":1783184826729,"endTime":1783184826741.8289,"status":"passed","message":"","name":"/home/user/codex-web-prototype/parity/acceptance/formats-text.test.ts"},{"assertionResults":[{"ancestorTitles":["TMX"],"fullName":"TMX [fmt.tmx.import] parses tu/tuv pairs with CDATA, entities, inline tags and header srclang","status":"passed","title":"[fmt.tmx.import] parses tu/tuv pairs with CDATA, entities, inline tags and header srclang","duration":12.981281000000081,"failureMessages":[],"meta":{},"tags":[]},{"ancestorTitles":["TMX"],"fullName":"TMX [fmt.tmx.export] with-tags and without-tags variants both validate against the TMX 1.4 DTD","status":"passed","title":"[fmt.tmx.export] with-tags and without-tags variants both validate against the TMX 1.4 DTD","duration":20.85892899999999,"failureMessages":[],"meta":{},"tags":[]},{"ancestorTitles":["DOCX round-trip"],"fullName":"DOCX round-trip [fmt.docx.roundtrip] translated export rebuilds the original zip skeleton (independent structural diff)","status":"passed","title":"[fmt.docx.roundtrip] translated export rebuilds the original zip skeleton (independent structural diff)","duration":68.37442299999998,"failureMessages":[],"meta":{},"tags":[]},{"ancestorTitles":["DOCX round-trip"],"fullName":"DOCX round-trip [fmt.docx.roundtrip] untranslated cells leave paragraphs unchanged (draft keeps source)","status":"passed","title":"[fmt.docx.roundtrip] untranslated cells leave paragraphs unchanged (draft keeps source)","duration":51.38584500000002,"failureMessages":[],"meta":{},"tags":[]},{"ancestorTitles":["Download Original"],"fullName":"Download Original [fmt.export.original] the side-car base64 of the uploaded bytes decodes byte-identical","status":"passed","title":"[fmt.export.original] the side-car base64 of the uploaded bytes decodes byte-identical","duration":3.413052000000107,"failureMessages":[],"meta":{},"tags":[]},{"ancestorTitles":["Download Original"],"fullName":"Download Original [fmt.export.original] documents the 512KB side-car cap (larger files have no byte-identical path yet)","status":"passed","title":"[fmt.export.original] documents the 512KB side-car cap (larger files have no byte-identical path yet)","duration":0.31705799999986084,"failureMessages":[],"meta":{},"tags":[]}],"startTime":1783184825729,"endTime":1783184825886.413,"status":"passed","message":"","name":"/home/user/codex-web-prototype/parity/acceptance/formats-tmx-docx.test.ts"},{"assertionResults":[{"ancestorTitles":["XLIFF 1.2"],"fullName":"XLIFF 1.2 [fmt.xliff12.import] parses trans-units with states, notes and preserved inline-tag skeleton","status":"passed","title":"[fmt.xliff12.import] parses trans-units with states, notes and preserved inline-tag skeleton","duration":12.306312999999932,"failureMessages":[],"meta":{},"tags":[]},{"ancestorTitles":["XLIFF 1.2"],"fullName":"XLIFF 1.2 [fmt.xliff12.export] exported file validates against the official OASIS 1.2 schema","status":"passed","title":"[fmt.xliff12.export] exported file validates against the official OASIS 1.2 schema","duration":27.956612000000064,"failureMessages":[],"meta":{},"tags":[]},{"ancestorTitles":["XLIFF 1.2"],"fullName":"XLIFF 1.2 [fmt.xliff12.roundtrip] import→export→import preserves ids, order, source text and tag skeleton","status":"passed","title":"[fmt.xliff12.roundtrip] import→export→import preserves ids, order, source text and tag skeleton","duration":6.129044000000022,"failureMessages":[],"meta":{},"tags":[]},{"ancestorTitles":["XLIFF 1.2"],"fullName":"XLIFF 1.2 [fmt.xliff.states] segment status maps deterministically to target/@state in both dialects","status":"passed","title":"[fmt.xliff.states] segment status maps deterministically to target/@state in both dialects","duration":0.39753700000005665,"failureMessages":[],"meta":{},"tags":[]},{"ancestorTitles":["XLIFF 1.2"],"fullName":"XLIFF 1.2 [fmt.xliff.states] exported state attributes reflect cell statuses end-to-end","status":"passed","title":"[fmt.xliff.states] exported state attributes reflect cell statuses end-to-end","duration":2.5742760000000544,"failureMessages":[],"meta":{},"tags":[]},{"ancestorTitles":["XLIFF 2.0"],"fullName":"XLIFF 2.0 [fmt.xliff20.import] parses per-segment with states, skips ignorables, preserves pc/ph skeleton","status":"passed","title":"[fmt.xliff20.import] parses per-segment with states, skips ignorables, preserves pc/ph skeleton","duration":1.7044899999999643,"failureMessages":[],"meta":{},"tags":[]},{"ancestorTitles":["XLIFF 2.0"],"fullName":"XLIFF 2.0 [fmt.xliff20.export] exported file validates against the official OASIS 2.0 schema","status":"passed","title":"[fmt.xliff20.export] exported file validates against the official OASIS 2.0 schema","duration":19.517522999999983,"failureMessages":[],"meta":{},"tags":[]},{"ancestorTitles":["XLIFF 2.0"],"fullName":"XLIFF 2.0 [fmt.xliff20.roundtrip] import→export→import preserves unit/segment granularity and tags","status":"passed","title":"[fmt.xliff20.roundtrip] import→export→import preserves unit/segment granularity and tags","duration":3.343297000000007,"failureMessages":[],"meta":{},"tags":[]}],"startTime":1783184825132,"endTime":1783184825206.3433,"status":"passed","message":"","name":"/home/user/codex-web-prototype/parity/acceptance/formats-xliff.test.ts"},{"assertionResults":[{"ancestorTitles":["event-names constants"],"fullName":"event-names constants all event name constants are non-empty strings","status":"passed","title":"all event name constants are non-empty strings","duration":3.3461099999999533,"failureMessages":[],"meta":{},"tags":[]},{"ancestorTitles":["event-names constants"],"fullName":"event-names constants event names are lowercase space-separated (match codebase convention)","status":"passed","title":"event names are lowercase space-separated (match codebase convention)","duration":1.5759030000000394,"failureMessages":[],"meta":{},"tags":[]},{"ancestorTitles":["event-names constants"],"fullName":"event-names constants all event names are unique","status":"passed","title":"all event names are unique","duration":0.414841000000024,"failureMessages":[],"meta":{},"tags":[]},{"ancestorTitles":["emitTargetCellCommit — FIRST_CELL_COMMIT instrumentation"],"fullName":"emitTargetCellCommit — FIRST_CELL_COMMIT instrumentation captures FIRST_CELL_COMMIT when called","status":"passed","title":"captures FIRST_CELL_COMMIT when called","duration":25.666418999999905,"failureMessages":[],"meta":{},"tags":[]},{"ancestorTitles":["emitTargetCellCommit — FIRST_CELL_COMMIT instrumentation"],"fullName":"emitTargetCellCommit — FIRST_CELL_COMMIT instrumentation does not capture FIRST_CELL_COMMIT on the second call (once-per-session)","status":"passed","title":"does not capture FIRST_CELL_COMMIT on the second call (once-per-session)","duration":1.181120000000078,"failureMessages":[],"meta":{},"tags":[]},{"ancestorTitles":["emitCellValidate — FIRST_CELL_VALIDATE instrumentation"],"fullName":"emitCellValidate — FIRST_CELL_VALIDATE instrumentation captures FIRST_CELL_VALIDATE when called","status":"passed","title":"captures FIRST_CELL_VALIDATE when called","duration":0.7289380000000847,"failureMessages":[],"meta":{},"tags":[]},{"ancestorTitles":["emitCellValidate — FIRST_CELL_VALIDATE instrumentation"],"fullName":"emitCellValidate — FIRST_CELL_VALIDATE instrumentation does not capture FIRST_CELL_VALIDATE on the second call (once-per-session)","status":"passed","title":"does not capture FIRST_CELL_VALIDATE on the second call (once-per-session)","duration":0.591352000000029,"failureMessages":[],"meta":{},"tags":[]},{"ancestorTitles":["consent-off guard — mock plumbing"],"fullName":"consent-off guard — mock plumbing a silent capture mock records zero events from the event-names module","status":"passed","title":"a silent capture mock records zero events from the event-names module","duration":0.519535000000019,"failureMessages":[],"meta":{},"tags":[]}],"startTime":1783184825916,"endTime":1783184825950.5195,"status":"passed","message":"","name":"/home/user/codex-web-prototype/src/lib/event-names.test.ts"},{"assertionResults":[{"ancestorTitles":["resetBatchCompletionState"],"fullName":"resetBatchCompletionState initialises progress to { total, done: 0, cancelled: false }","status":"passed","title":"initialises progress to { total, done: 0, cancelled: false }","duration":2.462965000000054,"failureMessages":[],"meta":{},"tags":[]},{"ancestorTitles":["resetBatchCompletionState"],"fullName":"resetBatchCompletionState clears previous cancel state","status":"passed","title":"clears previous cancel state","duration":1.0092690000000175,"failureMessages":[],"meta":{},"tags":[]},{"ancestorTitles":["resetBatchCompletionState"],"fullName":"resetBatchCompletionState provides a fresh AbortSignal (not yet aborted)","status":"passed","title":"provides a fresh AbortSignal (not yet aborted)","duration":0.42386899999996785,"failureMessages":[],"meta":{},"tags":[]},{"ancestorTitles":["clearBatchCompletionProgress"],"fullName":"clearBatchCompletionProgress sets progress to null","status":"passed","title":"sets progress to null","duration":0.49856699999998,"failureMessages":[],"meta":{},"tags":[]},{"ancestorTitles":["incrementBatchCompletionDone"],"fullName":"incrementBatchCompletionDone increments done count","status":"passed","title":"increments done count","duration":0.27895300000000134,"failureMessages":[],"meta":{},"tags":[]},{"ancestorTitles":["incrementBatchCompletionDone"],"fullName":"incrementBatchCompletionDone is a no-op when no batch is running","status":"passed","title":"is a no-op when no batch is running","duration":0.8107640000000629,"failureMessages":[],"meta":{},"tags":[]},{"ancestorTitles":["cancelBatchCompletion"],"fullName":"cancelBatchCompletion sets isBatchCompletionCancelled to true","status":"passed","title":"sets isBatchCompletionCancelled to true","duration":0.43863999999996395,"failureMessages":[],"meta":{},"tags":[]},{"ancestorTitles":["cancelBatchCompletion"],"fullName":"cancelBatchCompletion marks progress as cancelled","status":"passed","title":"marks progress as cancelled","duration":0.32007800000008046,"failureMessages":[],"meta":{},"tags":[]},{"ancestorTitles":["cancelBatchCompletion"],"fullName":"cancelBatchCompletion aborts the AbortController signal","status":"passed","title":"aborts the AbortController signal","duration":0.5831640000000107,"failureMessages":[],"meta":{},"tags":[]},{"ancestorTitles":["cancelBatchCompletion"],"fullName":"cancelBatchCompletion does not throw when called without a running batch","status":"passed","title":"does not throw when called without a running batch","duration":0.40257100000007995,"failureMessages":[],"meta":{},"tags":[]},{"ancestorTitles":["abort stops further cells (driver-loop invariant)"],"fullName":"abort stops further cells (driver-loop invariant) after cancelBatchCompletion, isCancelled is true so no new cells start","status":"passed","title":"after cancelBatchCompletion, isCancelled is true so no new cells start","duration":4.041569999999979,"failureMessages":[],"meta":{},"tags":[]},{"ancestorTitles":["abort mid-stream does not commit partial text"],"fullName":"abort mid-stream does not commit partial text AbortError from complete() is detected by name","status":"passed","title":"AbortError from complete() is detected by name","duration":0.31391500000006545,"failureMessages":[],"meta":{},"tags":[]},{"ancestorTitles":["abort mid-stream does not commit partial text"],"fullName":"abort mid-stream does not commit partial text a regular error is NOT treated as an abort","status":"passed","title":"a regular error is NOT treated as an abort","duration":0.17436299999997118,"failureMessages":[],"meta":{},"tags":[]},{"ancestorTitles":["run ID — cancel→restart: old run cannot resurrect after Stop"],"fullName":"run ID — cancel→restart: old run cannot resurrect after Stop resetBatchCompletionState returns a monotonically increasing run ID","status":"passed","title":"resetBatchCompletionState returns a monotonically increasing run ID","duration":0.33116900000004534,"failureMessages":[],"meta":{},"tags":[]},{"ancestorTitles":["run ID — cancel→restart: old run cannot resurrect after Stop"],"fullName":"run ID — cancel→restart: old run cannot resurrect after Stop old run ID sees isBatchCompletionCancelled as true after supersession","status":"passed","title":"old run ID sees isBatchCompletionCancelled as true after supersession","duration":0.5657089999999698,"failureMessages":[],"meta":{},"tags":[]},{"ancestorTitles":["run ID — cancel→restart: old run cannot resurrect after Stop"],"fullName":"run ID — cancel→restart: old run cannot resurrect after Stop getBatchCompletionSignal(oldId) returns an already-aborted signal after supersession","status":"passed","title":"getBatchCompletionSignal(oldId) returns an already-aborted signal after supersession","duration":0.36502900000004956,"failureMessages":[],"meta":{},"tags":[]},{"ancestorTitles":["run ID — cancel→restart: old run cannot resurrect after Stop"],"fullName":"run ID — cancel→restart: old run cannot resurrect after Stop flag and controller both belong to the new run after restart","status":"passed","title":"flag and controller both belong to the new run after restart","duration":0.2751579999999194,"failureMessages":[],"meta":{},"tags":[]},{"ancestorTitles":["run ID — run-A finally cannot clear run-B's progress"],"fullName":"run ID — run-A finally cannot clear run-B's progress clearBatchCompletionProgress(oldId) is a no-op when a newer run is active","status":"passed","title":"clearBatchCompletionProgress(oldId) is a no-op when a newer run is active","duration":0.3769190000000435,"failureMessages":[],"meta":{},"tags":[]},{"ancestorTitles":["run ID — run-A finally cannot clear run-B's progress"],"fullName":"run ID — run-A finally cannot clear run-B's progress incrementBatchCompletionDone(oldId) is a no-op when a newer run is active","status":"passed","title":"incrementBatchCompletionDone(oldId) is a no-op when a newer run is active","duration":0.21237399999995432,"failureMessages":[],"meta":{},"tags":[]},{"ancestorTitles":["run ID — done-counter accuracy on abort"],"fullName":"run ID — done-counter accuracy on abort aborted cells (no text committed) do not increment done","status":"passed","title":"aborted cells (no text committed) do not increment done","duration":0.1948490000000902,"failureMessages":[],"meta":{},"tags":[]},{"ancestorTitles":["run ID — done-counter accuracy on abort"],"fullName":"run ID — done-counter accuracy on abort calling cancelBatchCompletion then resetBatchCompletionState gives a clean counter","status":"passed","title":"calling cancelBatchCompletion then resetBatchCompletionState gives a clean counter","duration":0.2020870000000059,"failureMessages":[],"meta":{},"tags":[]}],"startTime":1783184826596,"endTime":1783184826612.2021,"status":"passed","message":"","name":"/home/user/codex-web-prototype/src/lib/completion/batch-completion.test.ts"},{"assertionResults":[{"ancestorTitles":["buildPrompt"],"fullName":"buildPrompt builds a prompt with examples and source text","status":"passed","title":"builds a prompt with examples and source text","duration":2.985973000000058,"failureMessages":[],"meta":{},"tags":[]},{"ancestorTitles":["buildPrompt"],"fullName":"buildPrompt builds a prompt with no examples","status":"passed","title":"builds a prompt with no examples","duration":0.5903449999999566,"failureMessages":[],"meta":{},"tags":[]},{"ancestorTitles":["buildPrompt"],"fullName":"buildPrompt uses custom system prompt with placeholders","status":"passed","title":"uses custom system prompt with placeholders","duration":0.38848299999995106,"failureMessages":[],"meta":{},"tags":[]},{"ancestorTitles":["buildPrompt"],"fullName":"buildPrompt drops examples with an empty target so no blank 'Translation:' leaks into the prompt","status":"passed","title":"drops examples with an empty target so no blank 'Translation:' leaks into the prompt","duration":0.323853999999983,"failureMessages":[],"meta":{},"tags":[]},{"ancestorTitles":["buildBatchPrompt"],"fullName":"buildBatchPrompt frames live cells as numbered <vN> tags and asks for the same structure back","status":"passed","title":"frames live cells as numbered <vN> tags and asks for the same structure back","duration":0.9407799999999042,"failureMessages":[],"meta":{},"tags":[]},{"ancestorTitles":["buildBatchPrompt"],"fullName":"buildBatchPrompt renders examples with mirrored <vN> tags on both source and translation sides","status":"passed","title":"renders examples with mirrored <vN> tags on both source and translation sides","duration":0.5243229999999812,"failureMessages":[],"meta":{},"tags":[]},{"ancestorTitles":["buildBatchPrompt"],"fullName":"buildBatchPrompt appends priorBatch as a final example to carry continuity across sub-batch splits","status":"passed","title":"appends priorBatch as a final example to carry continuity across sub-batch splits","duration":0.32844999999997526,"failureMessages":[],"meta":{},"tags":[]},{"ancestorTitles":["buildBatchPrompt"],"fullName":"buildBatchPrompt substitutes language placeholders in the user-supplied system prompt","status":"passed","title":"substitutes language placeholders in the user-supplied system prompt","duration":0.1919550000000072,"failureMessages":[],"meta":{},"tags":[]},{"ancestorTitles":["buildBatchPrompt"],"fullName":"buildBatchPrompt skips examples whose cells array is empty","status":"passed","title":"skips examples whose cells array is empty","duration":0.47120600000005197,"failureMessages":[],"meta":{},"tags":[]},{"ancestorTitles":["buildBatchPrompt"],"fullName":"buildBatchPrompt drops passage cells with an empty target, keeping source/target <vN> aligned","status":"passed","title":"drops passage cells with an empty target, keeping source/target <vN> aligned","duration":0.27987900000005084,"failureMessages":[],"meta":{},"tags":[]},{"ancestorTitles":["buildBatchPrompt"],"fullName":"buildBatchPrompt skips an example whose cells all have empty targets","status":"passed","title":"skips an example whose cells all have empty targets","duration":0.26561100000003535,"failureMessages":[],"meta":{},"tags":[]},{"ancestorTitles":["normalizeOpenAIBaseUrl"],"fullName":"normalizeOpenAIBaseUrl appends /v1/... to a bare host","status":"passed","title":"appends /v1/... to a bare host","duration":0.8233549999999923,"failureMessages":[],"meta":{},"tags":[]},{"ancestorTitles":["normalizeOpenAIBaseUrl"],"fullName":"normalizeOpenAIBaseUrl strips trailing slashes","status":"passed","title":"strips trailing slashes","duration":0.2631020000000035,"failureMessages":[],"meta":{},"tags":[]},{"ancestorTitles":["normalizeOpenAIBaseUrl"],"fullName":"normalizeOpenAIBaseUrl recognizes an existing /v1 suffix","status":"passed","title":"recognizes an existing /v1 suffix","duration":0.24712299999998777,"failureMessages":[],"meta":{},"tags":[]},{"ancestorTitles":["normalizeOpenAIBaseUrl"],"fullName":"normalizeOpenAIBaseUrl recognizes a full chat/completions URL","status":"passed","title":"recognizes a full chat/completions URL","duration":0.2905559999999241,"failureMessages":[],"meta":{},"tags":[]},{"ancestorTitles":["fetchModels"],"fullName":"fetchModels extracts model IDs from /v1/models response","status":"passed","title":"extracts model IDs from /v1/models response","duration":1.081869000000097,"failureMessages":[],"meta":{},"tags":[]},{"ancestorTitles":["fetchModels"],"fullName":"fetchModels sends API key as Bearer when provided","status":"passed","title":"sends API key as Bearer when provided","duration":0.9767470000000458,"failureMessages":[],"meta":{},"tags":[]},{"ancestorTitles":["fetchModels"],"fullName":"fetchModels omits Authorization when no API key","status":"passed","title":"omits Authorization when no API key","duration":0.2810749999999871,"failureMessages":[],"meta":{},"tags":[]},{"ancestorTitles":["fetchModels"],"fullName":"fetchModels throws on fetch error","status":"passed","title":"throws on fetch error","duration":1.3177519999999276,"failureMessages":[],"meta":{},"tags":[]},{"ancestorTitles":["resolveProvider"],"fullName":"resolveProvider returns explicit provider when set","status":"passed","title":"returns explicit provider when set","duration":0.24733299999991232,"failureMessages":[],"meta":{},"tags":[]},{"ancestorTitles":["resolveProvider"],"fullName":"resolveProvider infers 'frontier' when provider missing and endpoint blank (new default)","status":"passed","title":"infers 'frontier' when provider missing and endpoint blank (new default)","duration":0.10017100000004575,"failureMessages":[],"meta":{},"tags":[]},{"ancestorTitles":["resolveProvider"],"fullName":"resolveProvider infers 'custom' when provider missing but legacy endpoint is populated","status":"passed","title":"infers 'custom' when provider missing but legacy endpoint is populated","duration":0.09036800000001222,"failureMessages":[],"meta":{},"tags":[]},{"ancestorTitles":["resolveProvider"],"fullName":"resolveProvider tolerates undefined endpoint (partial record from server overlay)","status":"passed","title":"tolerates undefined endpoint (partial record from server overlay)","duration":0.21590700000001561,"failureMessages":[],"meta":{},"tags":[]},{"ancestorTitles":["complete"],"fullName":"complete frontier: POSTs to Frontier URL with Bearer JWT and model='default' when blank","status":"passed","title":"frontier: POSTs to Frontier URL with Bearer JWT and model='default' when blank","duration":2.1569279999999935,"failureMessages":[],"meta":{},"tags":[]},{"ancestorTitles":["complete"],"fullName":"complete frontier: uses explicit model override when provided","status":"passed","title":"frontier: uses explicit model override when provided","duration":0.4015390000000707,"failureMessages":[],"meta":{},"tags":[]},{"ancestorTitles":["complete"],"fullName":"complete frontier: throws 'Sign in' when session is null","status":"passed","title":"frontier: throws 'Sign in' when session is null","duration":0.6691130000000385,"failureMessages":[],"meta":{},"tags":[]},{"ancestorTitles":["complete"],"fullName":"complete frontier: surfaces 402 subscription-limit errors with server message","status":"passed","title":"frontier: surfaces 402 subscription-limit errors with server message","duration":0.5271960000000036,"failureMessages":[],"meta":{},"tags":[]},{"ancestorTitles":["complete"],"fullName":"complete custom: POSTs to {endpoint}/v1/chat/completions without auth","status":"passed","title":"custom: POSTs to {endpoint}/v1/chat/completions without auth","duration":0.6747259999999642,"failureMessages":[],"meta":{},"tags":[]},{"ancestorTitles":["complete"],"fullName":"complete custom: sends Bearer <apiKey> when configured (OpenRouter)","status":"passed","title":"custom: sends Bearer <apiKey> when configured (OpenRouter)","duration":0.5017579999999953,"failureMessages":[],"meta":{},"tags":[]},{"ancestorTitles":["complete"],"fullName":"complete custom: trims whitespace from apiKey","status":"passed","title":"custom: trims whitespace from apiKey","duration":0.5149919999998929,"failureMessages":[],"meta":{},"tags":[]},{"ancestorTitles":["complete"],"fullName":"complete custom: blank apiKey does not add Authorization header","status":"passed","title":"custom: blank apiKey does not add Authorization header","duration":0.34937300000001414,"failureMessages":[],"meta":{},"tags":[]},{"ancestorTitles":["complete"],"fullName":"complete custom: throws when endpoint is blank","status":"passed","title":"custom: throws when endpoint is blank","duration":0.4792370000000119,"failureMessages":[],"meta":{},"tags":[]},{"ancestorTitles":["complete"],"fullName":"complete stream: accumulates content even when SSE frames split across chunk boundaries","status":"passed","title":"stream: accumulates content even when SSE frames split across chunk boundaries","duration":1.2692069999999376,"failureMessages":[],"meta":{},"tags":[]},{"ancestorTitles":["complete"],"fullName":"complete stream: surfaces server-sent error chunks as thrown errors","status":"passed","title":"stream: surfaces server-sent error chunks as thrown errors","duration":0.9012299999999414,"failureMessages":[],"meta":{},"tags":[]},{"ancestorTitles":["complete"],"fullName":"complete stream: handles multi-byte UTF-8 split across chunks","status":"passed","title":"stream: handles multi-byte UTF-8 split across chunks","duration":0.5363059999999678,"failureMessages":[],"meta":{},"tags":[]},{"ancestorTitles":["complete"],"fullName":"complete frontier: forces non-streaming even when caller requests stream","status":"passed","title":"frontier: forces non-streaming even when caller requests stream","duration":0.3992269999999962,"failureMessages":[],"meta":{},"tags":[]},{"ancestorTitles":["collectValidatedPairs"],"fullName":"collectValidatedPairs returns only validated cells with non-empty source and target","status":"passed","title":"returns only validated cells with non-empty source and target","duration":0.6286660000000666,"failureMessages":[],"meta":{},"tags":[]},{"ancestorTitles":["collectValidatedPairs"],"fullName":"collectValidatedPairs returns empty array when no validated cells exist","status":"passed","title":"returns empty array when no validated cells exist","duration":0.20840999999995802,"failureMessages":[],"meta":{},"tags":[]},{"ancestorTitles":["collectValidatedPairs"],"fullName":"collectValidatedPairs respects the limit parameter","status":"passed","title":"respects the limit parameter","duration":0.2952179999999771,"failureMessages":[],"meta":{},"tags":[]},{"ancestorTitles":["collectValidatedPairs"],"fullName":"collectValidatedPairs ranks pairs with overlapping tokens ahead of non-overlapping when query is provided","status":"passed","title":"ranks pairs with overlapping tokens ahead of non-overlapping when query is provided","duration":0.5056730000000016,"failureMessages":[],"meta":{},"tags":[]},{"ancestorTitles":["collectValidatedPairs"],"fullName":"collectValidatedPairs falls back to insertion order when query is absent","status":"passed","title":"falls back to insertion order when query is absent","duration":0.15022299999998268,"failureMessages":[],"meta":{},"tags":[]},{"ancestorTitles":["buildRulesBlock"],"fullName":"buildRulesBlock returns empty string when rules array is empty","status":"passed","title":"returns empty string when rules array is empty","duration":0.14614299999993818,"failureMessages":[],"meta":{},"tags":[]},{"ancestorTitles":["buildRulesBlock"],"fullName":"buildRulesBlock returns empty string when all rules are disabled","status":"passed","title":"returns empty string when all rules are disabled","duration":0.13272200000005796,"failureMessages":[],"meta":{},"tags":[]},{"ancestorTitles":["buildRulesBlock"],"fullName":"buildRulesBlock renders source-requires-target as 'if source contains X → target must include Y'","status":"passed","title":"renders source-requires-target as 'if source contains X → target must include Y'","duration":0.24668300000007548,"failureMessages":[],"meta":{},"tags":[]},{"ancestorTitles":["buildRulesBlock"],"fullName":"buildRulesBlock renders target-forbids rule","status":"passed","title":"renders target-forbids rule","duration":0.15171599999996488,"failureMessages":[],"meta":{},"tags":[]},{"ancestorTitles":["buildRulesBlock"],"fullName":"buildRulesBlock renders source-target-match rule","status":"passed","title":"renders source-target-match rule","duration":0.079817999999932,"failureMessages":[],"meta":{},"tags":[]},{"ancestorTitles":["buildRulesBlock"],"fullName":"buildRulesBlock skips builtin check type (no useful injection)","status":"passed","title":"skips builtin check type (no useful injection)","duration":0.10275300000000698,"failureMessages":[],"meta":{},"tags":[]},{"ancestorTitles":["buildPrompt with rules and validatedPairs"],"fullName":"buildPrompt with rules and validatedPairs injects enabled rules into the system prompt","status":"passed","title":"injects enabled rules into the system prompt","duration":0.1362410000000409,"failureMessages":[],"meta":{},"tags":[]},{"ancestorTitles":["buildPrompt with rules and validatedPairs"],"fullName":"buildPrompt with rules and validatedPairs does NOT inject disabled rules","status":"passed","title":"does NOT inject disabled rules","duration":0.16196899999999914,"failureMessages":[],"meta":{},"tags":[]},{"ancestorTitles":["buildPrompt with rules and validatedPairs"],"fullName":"buildPrompt with rules and validatedPairs prepends validatedPairs before search-retrieved examples","status":"passed","title":"prepends validatedPairs before search-retrieved examples","duration":0.13985600000000886,"failureMessages":[],"meta":{},"tags":[]},{"ancestorTitles":["buildPrompt with rules and validatedPairs"],"fullName":"buildPrompt with rules and validatedPairs behaves identically to the old signature when no rules/validatedPairs passed","status":"passed","title":"behaves identically to the old signature when no rules/validatedPairs passed","duration":0.23526400000002923,"failureMessages":[],"meta":{},"tags":[]},{"ancestorTitles":["buildBatchPrompt with rules and validatedPairs"],"fullName":"buildBatchPrompt with rules and validatedPairs injects rules into the system prompt","status":"passed","title":"injects rules into the system prompt","duration":0.9999209999999721,"failureMessages":[],"meta":{},"tags":[]},{"ancestorTitles":["buildBatchPrompt with rules and validatedPairs"],"fullName":"buildBatchPrompt with rules and validatedPairs prepends validatedPairs before passage examples in user message","status":"passed","title":"prepends validatedPairs before passage examples in user message","duration":0.3109550000000354,"failureMessages":[],"meta":{},"tags":[]},{"ancestorTitles":["CompletionSettings v1 retrieval fields"],"fullName":"CompletionSettings v1 retrieval fields FALLBACK_SETTINGS-style defaults: top_k=15, contextSize=medium, useOnlyValidatedExamples=false, main_chat_language empty","status":"passed","title":"FALLBACK_SETTINGS-style defaults: top_k=15, contextSize=medium, useOnlyValidatedExamples=false, main_chat_language empty","duration":0.2145309999999654,"failureMessages":[],"meta":{},"tags":[]},{"ancestorTitles":["CompletionSettings v1 retrieval fields"],"fullName":"CompletionSettings v1 retrieval fields collectValidatedPairs respects top_k limit","status":"passed","title":"collectValidatedPairs respects top_k limit","duration":0.2132889999999179,"failureMessages":[],"meta":{},"tags":[]},{"ancestorTitles":["CompletionSettings v1 retrieval fields"],"fullName":"CompletionSettings v1 retrieval fields collectValidatedPairs returns only validated cells","status":"passed","title":"collectValidatedPairs returns only validated cells","duration":0.18605299999990166,"failureMessages":[],"meta":{},"tags":[]},{"ancestorTitles":["DEFAULT_SYSTEM_PROMPT instruction steps"],"fullName":"DEFAULT_SYSTEM_PROMPT instruction steps contains the 7-step analysis→complete→consistency instruction sequence","status":"passed","title":"contains the 7-step analysis→complete→consistency instruction sequence","duration":0.9786069999998972,"failureMessages":[],"meta":{},"tags":[]},{"ancestorTitles":["DEFAULT_SYSTEM_PROMPT instruction steps"],"fullName":"DEFAULT_SYSTEM_PROMPT instruction steps retains language placeholders and output-only strictness","status":"passed","title":"retains language placeholders and output-only strictness","duration":0.21410400000002028,"failureMessages":[],"meta":{},"tags":[]},{"ancestorTitles":["DEFAULT_SYSTEM_PROMPT instruction steps"],"fullName":"DEFAULT_SYSTEM_PROMPT instruction steps emphasises ultra-low-resource language","status":"passed","title":"emphasises ultra-low-resource language","duration":0.1460069999999405,"failureMessages":[],"meta":{},"tags":[]},{"ancestorTitles":["buildPrompt — target-only format"],"fullName":"buildPrompt — target-only format omits 'Source:' lines for examples and renders only 'Target:'","status":"passed","title":"omits 'Source:' lines for examples and renders only 'Target:'","duration":0.26697599999999966,"failureMessages":[],"meta":{},"tags":[]},{"ancestorTitles":["buildPrompt — target-only format"],"fullName":"buildPrompt — target-only format appends the reference-translation note to the system prompt","status":"passed","title":"appends the reference-translation note to the system prompt","duration":0.10488199999997505,"failureMessages":[],"meta":{},"tags":[]},{"ancestorTitles":["buildPrompt — target-only format"],"fullName":"buildPrompt — target-only format default (source-and-target) behavior is unchanged","status":"passed","title":"default (source-and-target) behavior is unchanged","duration":1.7300480000000107,"failureMessages":[],"meta":{},"tags":[]},{"ancestorTitles":["buildBatchPrompt — target-only format"],"fullName":"buildBatchPrompt — target-only format omits 'Source:' blocks for examples and renders only 'Translation:' target list","status":"passed","title":"omits 'Source:' blocks for examples and renders only 'Translation:' target list","duration":0.48335800000006657,"failureMessages":[],"meta":{},"tags":[]},{"ancestorTitles":["buildBatchPrompt — target-only format"],"fullName":"buildBatchPrompt — target-only format appends the reference-translation note to the system prompt","status":"passed","title":"appends the reference-translation note to the system prompt","duration":0.35011899999994966,"failureMessages":[],"meta":{},"tags":[]},{"ancestorTitles":["buildBatchPrompt — target-only format"],"fullName":"buildBatchPrompt — target-only format default (source-and-target) batch behavior is unchanged","status":"passed","title":"default (source-and-target) batch behavior is unchanged","duration":0.23982100000000628,"failureMessages":[],"meta":{},"tags":[]},{"ancestorTitles":["buildBriefBlock"],"fullName":"buildBriefBlock wraps a non-empty summary in a labeled block","status":"passed","title":"wraps a non-empty summary in a labeled block","duration":0.20120199999996657,"failureMessages":[],"meta":{},"tags":[]},{"ancestorTitles":["buildBriefBlock"],"fullName":"buildBriefBlock returns empty string for blank input","status":"passed","title":"returns empty string for blank input","duration":0.08231999999998152,"failureMessages":[],"meta":{},"tags":[]},{"ancestorTitles":["buildPrompt with brief summary"],"fullName":"buildPrompt with brief summary injects the brief block into the system message when present","status":"passed","title":"injects the brief block into the system message when present","duration":0.1477110000000721,"failureMessages":[],"meta":{},"tags":[]},{"ancestorTitles":["buildPrompt with brief summary"],"fullName":"buildPrompt with brief summary omits the brief block when absent","status":"passed","title":"omits the brief block when absent","duration":0.10022600000002058,"failureMessages":[],"meta":{},"tags":[]},{"ancestorTitles":["buildPrompt precedingContext (D4)"],"fullName":"buildPrompt precedingContext (D4) renders preceding committed context after examples and just before the live source","status":"passed","title":"renders preceding committed context after examples and just before the live source","duration":0.25574699999992845,"failureMessages":[],"meta":{},"tags":[]},{"ancestorTitles":["buildPrompt precedingContext (D4)"],"fullName":"buildPrompt precedingContext (D4) omits empty/blank preceding pairs and works when absent","status":"passed","title":"omits empty/blank preceding pairs and works when absent","duration":0.13690199999996366,"failureMessages":[],"meta":{},"tags":[]},{"ancestorTitles":["buildParagraphPrompt"],"fullName":"buildParagraphPrompt encodes source cells as <c id> tags in the user message (D11)","status":"passed","title":"encodes source cells as <c id> tags in the user message (D11)","duration":0.4232359999999744,"failureMessages":[],"meta":{},"tags":[]},{"ancestorTitles":["buildParagraphPrompt"],"fullName":"buildParagraphPrompt system prompt instructs model to reply with <c id> tags (D11)","status":"passed","title":"system prompt instructs model to reply with <c id> tags (D11)","duration":0.225104999999985,"failureMessages":[],"meta":{},"tags":[]},{"ancestorTitles":["buildParagraphPrompt"],"fullName":"buildParagraphPrompt injects preceding committed TARGET context before the live paragraph (D4)","status":"passed","title":"injects preceding committed TARGET context before the live paragraph (D4)","duration":0.14101099999993494,"failureMessages":[],"meta":{},"tags":[]},{"ancestorTitles":["buildParagraphPrompt"],"fullName":"buildParagraphPrompt renders a blank-target preceding cell as source-only fallback, not a Translation pair (D4)","status":"passed","title":"renders a blank-target preceding cell as source-only fallback, not a Translation pair (D4)","duration":0.1607889999999088,"failureMessages":[],"meta":{},"tags":[]},{"ancestorTitles":["buildParagraphPrompt"],"fullName":"buildParagraphPrompt includes following source context labeled as context-only (D4 right side)","status":"passed","title":"includes following source context labeled as context-only (D4 right side)","duration":0.1253270000000839,"failureMessages":[],"meta":{},"tags":[]},{"ancestorTitles":["buildParagraphPrompt"],"fullName":"buildParagraphPrompt renders passage examples before preceding context and live paragraph","status":"passed","title":"renders passage examples before preceding context and live paragraph","duration":0.15901000000008025,"failureMessages":[],"meta":{},"tags":[]},{"ancestorTitles":["buildParagraphPrompt"],"fullName":"buildParagraphPrompt injects rules into the system prompt","status":"passed","title":"injects rules into the system prompt","duration":0.15534500000001117,"failureMessages":[],"meta":{},"tags":[]},{"ancestorTitles":["buildParagraphPrompt"],"fullName":"buildParagraphPrompt injects brief summary into the system prompt","status":"passed","title":"injects brief summary into the system prompt","duration":0.2677690000000439,"failureMessages":[],"meta":{},"tags":[]},{"ancestorTitles":["buildParagraphPrompt"],"fullName":"buildParagraphPrompt substitutes language placeholders and none remain in output","status":"passed","title":"substitutes language placeholders and none remain in output","duration":0.1770330000000513,"failureMessages":[],"meta":{},"tags":[]}],"startTime":1783184825911,"endTime":1783184825947.2678,"status":"passed","message":"","name":"/home/user/codex-web-prototype/src/lib/completion/completion-service.test.ts"},{"assertionResults":[{"ancestorTitles":["escapeVoiceName"],"fullName":"escapeVoiceName strips <,> and collapses newlines","status":"passed","title":"strips <,> and collapses newlines","duration":1.9659209999999803,"failureMessages":[],"meta":{},"tags":[]},{"ancestorTitles":["extractVoiceLabel"],"fullName":"extractVoiceLabel pulls a <v Speaker>...</v> span into speaker + unwrapped text","status":"passed","title":"pulls a <v Speaker>...</v> span into speaker + unwrapped text","duration":1.1129799999999932,"failureMessages":[],"meta":{},"tags":[]},{"ancestorTitles":["extractVoiceLabel"],"fullName":"extractVoiceLabel supports open-ended <v Speaker>... without closing tag","status":"passed","title":"supports open-ended <v Speaker>... without closing tag","duration":0.3900989999999638,"failureMessages":[],"meta":{},"tags":[]},{"ancestorTitles":["extractVoiceLabel"],"fullName":"extractVoiceLabel returns null speaker and original text when no voice tag","status":"passed","title":"returns null speaker and original text when no voice tag","duration":0.2709140000000616,"failureMessages":[],"meta":{},"tags":[]}],"startTime":1783184827410,"endTime":1783184827414.271,"status":"passed","message":"","name":"/home/user/codex-web-prototype/src/lib/export/vtt-voice.test.ts"},{"assertionResults":[{"ancestorTitles":["cellDecay"],"fullName":"cellDecay is 1 for an untouched cell (0 endorsements)","status":"passed","title":"is 1 for an untouched cell (0 endorsements)","duration":1.994583999999918,"failureMessages":[],"meta":{},"tags":[]},{"ancestorTitles":["cellDecay"],"fullName":"cellDecay reaches 0 at the endorsement target","status":"passed","title":"reaches 0 at the endorsement target","duration":0.371530000000007,"failureMessages":[],"meta":{},"tags":[]},{"ancestorTitles":["cellDecay"],"fullName":"cellDecay floors at 0 beyond the target","status":"passed","title":"floors at 0 beyond the target","duration":0.37174100000004273,"failureMessages":[],"meta":{},"tags":[]},{"ancestorTitles":["cellDecay"],"fullName":"cellDecay interpolates linearly","status":"passed","title":"interpolates linearly","duration":0.36988099999996393,"failureMessages":[],"meta":{},"tags":[]},{"ancestorTitles":["cellDecay"],"fullName":"cellDecay treats a non-positive target as fully healthy","status":"passed","title":"treats a non-positive target as fully healthy","duration":0.26737999999988915,"failureMessages":[],"meta":{},"tags":[]},{"ancestorTitles":["cellHealth"],"fullName":"cellHealth is 0 for an untouched cell and 100 at target","status":"passed","title":"is 0 for an untouched cell and 100 at target","duration":0.2869220000000041,"failureMessages":[],"meta":{},"tags":[]},{"ancestorTitles":["needsAttention (defaults: target 5, warn 0.66)"],"fullName":"needsAttention (defaults: target 5, warn 0.66) marks a 1-endorsement cell (decay 0.8 > 0.66)","status":"passed","title":"marks a 1-endorsement cell (decay 0.8 > 0.66)","duration":0.18373200000007728,"failureMessages":[],"meta":{},"tags":[]},{"ancestorTitles":["needsAttention (defaults: target 5, warn 0.66)"],"fullName":"needsAttention (defaults: target 5, warn 0.66) clears a 2-endorsement cell (decay 0.6 <= 0.66)","status":"passed","title":"clears a 2-endorsement cell (decay 0.6 <= 0.66)","duration":0.23208299999998871,"failureMessages":[],"meta":{},"tags":[]},{"ancestorTitles":["needsAttention (defaults: target 5, warn 0.66)"],"fullName":"needsAttention (defaults: target 5, warn 0.66) marks an untouched cell","status":"passed","title":"marks an untouched cell","duration":0.426262999999949,"failureMessages":[],"meta":{},"tags":[]},{"ancestorTitles":["computeDecayHealth"],"fullName":"computeDecayHealth computes per-cell, file, and project health = 1 - mean(decay)","status":"passed","title":"computes per-cell, file, and project health = 1 - mean(decay)","duration":0.7913730000000214,"failureMessages":[],"meta":{},"tags":[]},{"ancestorTitles":["computeDecayHealth"],"fullName":"computeDecayHealth returns 0 health for an empty project","status":"passed","title":"returns 0 health for an empty project","duration":0.20590299999992112,"failureMessages":[],"meta":{},"tags":[]},{"ancestorTitles":["resolveDecayConfig"],"fullName":"resolveDecayConfig defaults the target to the required-validations gate","status":"passed","title":"defaults the target to the required-validations gate","duration":0.2255529999999908,"failureMessages":[],"meta":{},"tags":[]},{"ancestorTitles":["resolveDecayConfig"],"fullName":"resolveDecayConfig clamps a non-positive gate up to 1","status":"passed","title":"clamps a non-positive gate up to 1","duration":0.09604899999999361,"failureMessages":[],"meta":{},"tags":[]},{"ancestorTitles":["resolveDecayConfig"],"fullName":"resolveDecayConfig lets an explicit endorsementTarget override the gate","status":"passed","title":"lets an explicit endorsementTarget override the gate","duration":0.07990399999994224,"failureMessages":[],"meta":{},"tags":[]},{"ancestorTitles":["resolveDecayConfig"],"fullName":"resolveDecayConfig defaults the warn threshold but lets it be overridden","status":"passed","title":"defaults the warn threshold but lets it be overridden","duration":0.15044299999999566,"failureMessages":[],"meta":{},"tags":[]},{"ancestorTitles":["resolveDecayConfig"],"fullName":"resolveDecayConfig makes a single endorsement fully healthy at a gate of 1","status":"passed","title":"makes a single endorsement fully healthy at a gate of 1","duration":0.10615800000005038,"failureMessages":[],"meta":{},"tags":[]},{"ancestorTitles":["needsAttentionFromConfidence (FRO-181)"],"fullName":"needsAttentionFromConfidence (FRO-181) marks a cell with confidence 0 (decay 1 > 0.66)","status":"passed","title":"marks a cell with confidence 0 (decay 1 > 0.66)","duration":0.10777500000006057,"failureMessages":[],"meta":{},"tags":[]},{"ancestorTitles":["needsAttentionFromConfidence (FRO-181)"],"fullName":"needsAttentionFromConfidence (FRO-181) marks a cell with confidence 33 (decay 0.67 > 0.66)","status":"passed","title":"marks a cell with confidence 33 (decay 0.67 > 0.66)","duration":0.06007199999999102,"failureMessages":[],"meta":{},"tags":[]},{"ancestorTitles":["needsAttentionFromConfidence (FRO-181)"],"fullName":"needsAttentionFromConfidence (FRO-181) clears a cell with confidence 100 (validated anchor; decay 0)","status":"passed","title":"clears a cell with confidence 100 (validated anchor; decay 0)","duration":0.05195000000003347,"failureMessages":[],"meta":{},"tags":[]},{"ancestorTitles":["needsAttentionFromConfidence (FRO-181)"],"fullName":"needsAttentionFromConfidence (FRO-181) clears a cell with confidence 34 (decay 0.66 = threshold, not above)","status":"passed","title":"clears a cell with confidence 34 (decay 0.66 = threshold, not above)","duration":0.06812600000000657,"failureMessages":[],"meta":{},"tags":[]},{"ancestorTitles":["needsAttentionFromConfidence (FRO-181)"],"fullName":"needsAttentionFromConfidence (FRO-181) marks a cell with confidence 33 against a custom warn of 0.5","status":"passed","title":"marks a cell with confidence 33 against a custom warn of 0.5","duration":0.05171100000006845,"failureMessages":[],"meta":{},"tags":[]},{"ancestorTitles":["needsAttentionFromConfidence (FRO-181)"],"fullName":"needsAttentionFromConfidence (FRO-181) clears a cell with confidence 60 against a custom warn of 0.5 (decay 0.4 <= 0.5)","status":"passed","title":"clears a cell with confidence 60 against a custom warn of 0.5 (decay 0.4 <= 0.5)","duration":0.051015000000006694,"failureMessages":[],"meta":{},"tags":[]},{"ancestorTitles":["CELL_NEEDS_ATTENTION_STATUS (FRO-232)"],"fullName":"CELL_NEEDS_ATTENTION_STATUS (FRO-232) does not contain the word 'neighborhood'","status":"passed","title":"does not contain the word 'neighborhood'","duration":0.29411100000004353,"failureMessages":[],"meta":{},"tags":[]},{"ancestorTitles":["CELL_NEEDS_ATTENTION_STATUS (FRO-232)"],"fullName":"CELL_NEEDS_ATTENTION_STATUS (FRO-232) does not duplicate 'needs attention' within the string","status":"passed","title":"does not duplicate 'needs attention' within the string","duration":0.1946140000000014,"failureMessages":[],"meta":{},"tags":[]},{"ancestorTitles":["CELL_NEEDS_ATTENTION_STATUS (FRO-232)"],"fullName":"CELL_NEEDS_ATTENTION_STATUS (FRO-232) is the expected exact string (FRO-232 regression guard)","status":"passed","title":"is the expected exact string (FRO-232 regression guard)","duration":0.0840689999999995,"failureMessages":[],"meta":{},"tags":[]}],"startTime":1783184826710,"endTime":1783184826719.084,"status":"passed","message":"","name":"/home/user/codex-web-prototype/src/lib/health/decay-engine.test.ts"},{"assertionResults":[{"ancestorTitles":["DecaySettings.maxHops (FRO-181)"],"fullName":"DecaySettings.maxHops (FRO-181) accepts maxHops in the type","status":"passed","title":"accepts maxHops in the type","duration":1.7788229999999885,"failureMessages":[],"meta":{},"tags":[]},{"ancestorTitles":["DecaySettings.maxHops (FRO-181)"],"fullName":"DecaySettings.maxHops (FRO-181) maxHops is optional (fallback to server default 4)","status":"passed","title":"maxHops is optional (fallback to server default 4)","duration":0.31560000000001764,"failureMessages":[],"meta":{},"tags":[]},{"ancestorTitles":["DecaySettings.maxHops (FRO-181)"],"fullName":"DecaySettings.maxHops (FRO-181) endorsementTarget is still present in the type (backward compat)","status":"passed","title":"endorsementTarget is still present in the type (backward compat)","duration":0.23748399999999492,"failureMessages":[],"meta":{},"tags":[]},{"ancestorTitles":["DecaySettings.maxHops (FRO-181)"],"fullName":"DecaySettings.maxHops (FRO-181) both maxHops and endorsementTarget can coexist in persisted settings","status":"passed","title":"both maxHops and endorsementTarget can coexist in persisted settings","duration":0.2937289999999848,"failureMessages":[],"meta":{},"tags":[]},{"ancestorTitles":["DecaySettings maxHops propagated to health-rollup fetch args (FRO-181)"],"fullName":"DecaySettings maxHops propagated to health-rollup fetch args (FRO-181) includes maxHops in query string when set","status":"passed","title":"includes maxHops in query string when set","duration":0.3650069999999914,"failureMessages":[],"meta":{},"tags":[]},{"ancestorTitles":["DecaySettings maxHops propagated to health-rollup fetch args (FRO-181)"],"fullName":"DecaySettings maxHops propagated to health-rollup fetch args (FRO-181) omits maxHops from query string when not set","status":"passed","title":"omits maxHops from query string when not set","duration":0.1917320000000018,"failureMessages":[],"meta":{},"tags":[]}],"startTime":1783184827486,"endTime":1783184827489.365,"status":"passed","message":"","name":"/home/user/codex-web-prototype/src/lib/health/decay-settings.test.ts"},{"assertionResults":[{"ancestorTitles":["extractVttStrings"],"fullName":"extractVttStrings parses VTT cues","status":"passed","title":"parses VTT cues","duration":3.624759999999924,"failureMessages":[],"meta":{},"tags":[]},{"ancestorTitles":["extractVttStrings"],"fullName":"extractVttStrings handles multi-line cue text","status":"passed","title":"handles multi-line cue text","duration":0.5567630000000463,"failureMessages":[],"meta":{},"tags":[]},{"ancestorTitles":["extractVttStrings"],"fullName":"extractVttStrings handles empty input","status":"passed","title":"handles empty input","duration":0.48905899999999747,"failureMessages":[],"meta":{},"tags":[]},{"ancestorTitles":["extractVttStrings"],"fullName":"extractVttStrings sets translated equal to original","status":"passed","title":"sets translated equal to original","duration":0.24300499999992553,"failureMessages":[],"meta":{},"tags":[]},{"ancestorTitles":["extractSrtStrings"],"fullName":"extractSrtStrings parses SRT cues","status":"passed","title":"parses SRT cues","duration":0.915098999999941,"failureMessages":[],"meta":{},"tags":[]},{"ancestorTitles":["extractSrtStrings"],"fullName":"extractSrtStrings handles multi-line cue text","status":"passed","title":"handles multi-line cue text","duration":0.43033200000002125,"failureMessages":[],"meta":{},"tags":[]},{"ancestorTitles":["extractSrtStrings"],"fullName":"extractSrtStrings handles empty input","status":"passed","title":"handles empty input","duration":0.20454899999992904,"failureMessages":[],"meta":{},"tags":[]}],"startTime":1783184827367,"endTime":1783184827373.4304,"status":"passed","message":"","name":"/home/user/codex-web-prototype/src/lib/parsers/subtitle.test.ts"},{"assertionResults":[{"ancestorTitles":["cqrs outbox"],"fullName":"cqrs outbox enqueue, peek, remove","status":"passed","title":"enqueue, peek, remove","duration":9.18287399999997,"failureMessages":[],"meta":{},"tags":[]},{"ancestorTitles":["cqrs outbox"],"fullName":"cqrs outbox markOutboxAttempt records attempts and lastError on existing rows","status":"passed","title":"markOutboxAttempt records attempts and lastError on existing rows","duration":4.196117999999956,"failureMessages":[],"meta":{},"tags":[]},{"ancestorTitles":["cqrs outbox"],"fullName":"cqrs outbox markOutboxAttempt is a no-op for ids not in the store","status":"passed","title":"markOutboxAttempt is a no-op for ids not in the store","duration":0.9642219999999497,"failureMessages":[],"meta":{},"tags":[]},{"ancestorTitles":["cqrs outbox"],"fullName":"cqrs outbox flushOutboxBatch records auth quarantine on 401 rejected rows","status":"passed","title":"flushOutboxBatch records auth quarantine on 401 rejected rows","duration":4.710378999999989,"failureMessages":[],"meta":{},"tags":[]},{"ancestorTitles":["cqrs outbox"],"fullName":"cqrs outbox flushOutboxBatch POSTs and removes accepted rows","status":"passed","title":"flushOutboxBatch POSTs and removes accepted rows","duration":1.6526000000000067,"failureMessages":[],"meta":{},"tags":[]},{"ancestorTitles":["cqrs outbox"],"fullName":"cqrs outbox failure cap: record transitions to `failed` after OUTBOX_MAX_ATTEMPTS","status":"passed","title":"failure cap: record transitions to `failed` after OUTBOX_MAX_ATTEMPTS","duration":1.9953449999999293,"failureMessages":[],"meta":{},"tags":[]},{"ancestorTitles":["cqrs outbox"],"fullName":"cqrs outbox peekPendingOutboxBatch excludes failed records","status":"passed","title":"peekPendingOutboxBatch excludes failed records","duration":2.4072649999999385,"failureMessages":[],"meta":{},"tags":[]},{"ancestorTitles":["cqrs outbox"],"fullName":"cqrs outbox requeueTransientlyFailedOutboxEvents revives status-0 failed records back to pending","status":"passed","title":"requeueTransientlyFailedOutboxEvents revives status-0 failed records back to pending","duration":2.930957000000035,"failureMessages":[],"meta":{},"tags":[]},{"ancestorTitles":["cqrs outbox"],"fullName":"cqrs outbox requeueTransientlyFailedOutboxEvents revives 5xx-failed records but leaves 4xx quarantines","status":"passed","title":"requeueTransientlyFailedOutboxEvents revives 5xx-failed records but leaves 4xx quarantines","duration":2.252601000000027,"failureMessages":[],"meta":{},"tags":[]},{"ancestorTitles":["cqrs outbox"],"fullName":"cqrs outbox requeueTransientlyFailedOutboxEvents is a no-op when there are no failed records","status":"passed","title":"requeueTransientlyFailedOutboxEvents is a no-op when there are no failed records","duration":0.7235849999999573,"failureMessages":[],"meta":{},"tags":[]},{"ancestorTitles":["cqrs outbox"],"fullName":"cqrs outbox stampOutboxError does NOT increment attempts (used for transient failures)","status":"passed","title":"stampOutboxError does NOT increment attempts (used for transient failures)","duration":1.5579270000000633,"failureMessages":[],"meta":{},"tags":[]},{"ancestorTitles":["cqrs outbox"],"fullName":"cqrs outbox quarantineOutboxEvents immediately moves records to failed status","status":"passed","title":"quarantineOutboxEvents immediately moves records to failed status","duration":1.2236279999999624,"failureMessages":[],"meta":{},"tags":[]}],"startTime":1783184825145,"endTime":1783184825179.2236,"status":"passed","message":"","name":"/home/user/codex-web-prototype/src/lib/sync/outbox.test.ts"}]}